2014.03.13 09:46 B C:\Development\GitHub\4pia\libs\js\jqueryMobile\demos\_assets\img\album-af.jpg --> upload.comcast.net /4pia/libs/js/jqueryMobile/demos/_assets/img album-af.jpg
2014.03.13 09:46 B C:\Development\GitHub\4pia\libs\js\jqueryMobile\demos\_assets\img\album-ag.jpg --> upload.comcast.net /4pia/libs/js/jqueryMobile/demos/_assets/img album-ag.jpg
2014.03.13 09:46 B C:\Development\GitHub\4pia\libs\js\jqueryMobile\demos\_assets\img\album-bb.jpg --> upload.comcast.net /4pia/libs/js/jqueryMobile/demos/_assets/img album-bb.jpg
2014.03.13 09:46 B C:\Development\GitHub\4pia\libs\js\jqueryMobile\demos\_assets\img\album-bk.jpg --> upload.comcast.net /4pia/libs/js/jqueryMobile/demos/_assets/img album-bk.jpg
2014.03.13 09:46 B C:\Development\GitHub\4pia\libs\js\jqueryMobile\demos\_assets\img\album-hc.jpg --> upload.comcast.net /4pia/libs/js/jqueryMobile/demos/_assets/img album-hc.jpg
2014.03.13 09:46 B C:\Development\GitHub\4pia\libs\js\jqueryMobile\demos\_assets\img\album-k.jpg --> upload.comcast.net /4pia/libs/js/jqueryMobile/demos/_assets/img album-k.jpg
2014.03.13 09:46 B C:\Development\GitHub\4pia\libs\js\jqueryMobile\demos\_assets\img\album-mg.jpg --> upload.comcast.net /4pia/libs/js/jqueryMobile/demos/_assets/img album-mg.jpg
2014.03.13 09:46 B C:\Development\GitHub\4pia\libs\js\jqueryMobile\demos\_assets\img\album-ok.jpg --> upload.comcast.net /4pia/libs/js/jqueryMobile/demos/_assets/img album-ok.jpg
2014.03.13 09:46 B C:\Development\GitHub\4pia\libs\js\jqueryMobile\demos\_assets\img\album-p.jpg --> upload.comcast.net /4pia/libs/js/jqueryMobile/demos/_assets/img album-p.jpg
2014.03.13 09:46 B C:\Development\GitHub\4pia\libs\js\jqueryMobile\demos\_assets\img\album-rh.jpg --> upload.comcast.net /4pia/libs/js/jqueryMobile/demos/_assets/img album-rh.jpg
2014.03.13 09:46 B C:\Development\GitHub\4pia\libs\js\jqueryMobile\demos\_assets\img\album-ws.jpg --> upload.comcast.net /4pia/libs/js/jqueryMobile/demos/_assets/img album-ws.jpg
2014.03.13 09:46 B C:\Development\GitHub\4pia\libs\js\jqueryMobile\demos\_assets\img\album-xx.jpg --> upload.comcast.net /4pia/libs/js/jqueryMobile/demos/_assets/img album-xx.jpg
2014.03.13 09:46 B C:\Development\GitHub\4pia\libs\js\jqueryMobile\demos\_assets\img\apple.png --> upload.comcast.net /4pia/libs/js/jqueryMobile/demos/_assets/img apple.png
2014.03.13 09:46 B C:\Development\GitHub\4pia\libs\js\jqueryMobile\demos\_assets\img\bg-pattern.png --> upload.comcast.net /4pia/libs/js/jqueryMobile/demos/_assets/img bg-pattern.png
2014.03.13 09:46 B C:\Development\GitHub\4pia\libs\js\jqueryMobile\demos\_assets\img\bike.jpg --> upload.comcast.net /4pia/libs/js/jqueryMobile/demos/_assets/img bike.jpg
2014.03.13 09:46 B C:\Development\GitHub\4pia\libs\js\jqueryMobile\demos\_assets\img\blackberry_10.png --> upload.comcast.net /4pia/libs/js/jqueryMobile/demos/_assets/img blackberry_10.png
2014.03.13 09:46 B C:\Development\GitHub\4pia\libs\js\jqueryMobile\demos\_assets\img\bmw-thumb.jpg --> upload.comcast.net /4pia/libs/js/jqueryMobile/demos/_assets/img bmw-thumb.jpg
2014.03.13 09:46 B C:\Development\GitHub\4pia\libs\js\jqueryMobile\demos\_assets\img\bmw.jpg --> upload.comcast.net /4pia/libs/js/jqueryMobile/demos/_assets/img bmw.jpg
2014.03.13 09:46 B C:\Development\GitHub\4pia\libs\js\jqueryMobile\demos\_assets\img\buenosaires.jpg --> upload.comcast.net /4pia/libs/js/jqueryMobile/demos/_assets/img buenosaires.jpg
2014.03.13 09:46 B C:\Development\GitHub\4pia\libs\js\jqueryMobile\demos\_assets\img\capetown.jpg --> upload.comcast.net /4pia/libs/js/jqueryMobile/demos/_assets/img capetown.jpg
2014.03.13 09:46 B C:\Development\GitHub\4pia\libs\js\jqueryMobile\demos\_assets\img\de.png --> upload.comcast.net /4pia/libs/js/jqueryMobile/demos/_assets/img de.png
2014.03.13 09:46 B C:\Development\GitHub\4pia\libs\js\jqueryMobile\demos\_assets\img\devices.png --> upload.comcast.net /4pia/libs/js/jqueryMobile/demos/_assets/img devices.png
2014.03.13 09:46 B C:\Development\GitHub\4pia\libs\js\jqueryMobile\demos\_assets\img\fi.png --> upload.comcast.net /4pia/libs/js/jqueryMobile/demos/_assets/img fi.png
2014.03.13 09:46 B C:\Development\GitHub\4pia\libs\js\jqueryMobile\demos\_assets\img\firefox-logo.png --> upload.comcast.net /4pia/libs/js/jqueryMobile/demos/_assets/img firefox-logo.png
2014.03.13 09:46 B C:\Development\GitHub\4pia\libs\js\jqueryMobile\demos\_assets\img\firefox_os.png --> upload.comcast.net /4pia/libs/js/jqueryMobile/demos/_assets/img firefox_os.png
2014.03.13 09:46 B C:\Development\GitHub\4pia\libs\js\jqueryMobile\demos\_assets\img\galaxy_express.png --> upload.comcast.net /4pia/libs/js/jqueryMobile/demos/_assets/img galaxy_express.png
2014.03.13 09:46 B C:\Development\GitHub\4pia\libs\js\jqueryMobile\demos\_assets\img\gb.png --> upload.comcast.net /4pia/libs/js/jqueryMobile/demos/_assets/img gb.png
2014.03.13 09:46 B C:\Development\GitHub\4pia\libs\js\jqueryMobile\demos\_assets\img\gf.png --> upload.comcast.net /4pia/libs/js/jqueryMobile/demos/_assets/img gf.png
2014.03.13 09:46 B C:\Development\GitHub\4pia\libs\js\jqueryMobile\demos\_assets\img\jquery-logo.png --> upload.comcast.net /4pia/libs/js/jqueryMobile/demos/_assets/img jquery-logo.png
2014.03.13 09:46 B C:\Development\GitHub\4pia\libs\js\jqueryMobile\demos\_assets\img\landrover-thumb.jpg --> upload.comcast.net /4pia/libs/js/jqueryMobile/demos/_assets/img landrover-thumb.jpg
2014.03.13 09:46 B C:\Development\GitHub\4pia\libs\js\jqueryMobile\demos\_assets\img\landrover.jpg --> upload.comcast.net /4pia/libs/js/jqueryMobile/demos/_assets/img landrover.jpg
2014.03.13 09:46 B C:\Development\GitHub\4pia\libs\js\jqueryMobile\demos\_assets\img\lumia_800.png --> upload.comcast.net /4pia/libs/js/jqueryMobile/demos/_assets/img lumia_800.png
2014.03.13 09:46 B C:\Development\GitHub\4pia\libs\js\jqueryMobile\demos\_assets\img\newyork.jpg --> upload.comcast.net /4pia/libs/js/jqueryMobile/demos/_assets/img newyork.jpg
2014.03.13 09:46 B C:\Development\GitHub\4pia\libs\js\jqueryMobile\demos\_assets\img\nexus_7.png --> upload.comcast.net /4pia/libs/js/jqueryMobile/demos/_assets/img nexus_7.png
2014.03.13 09:46 B C:\Development\GitHub\4pia\libs\js\jqueryMobile\demos\_assets\img\paris.jpg --> upload.comcast.net /4pia/libs/js/jqueryMobile/demos/_assets/img paris.jpg
2014.03.13 09:46 B C:\Development\GitHub\4pia\libs\js\jqueryMobile\demos\_assets\img\phone_galaxy3.png --> upload.comcast.net /4pia/libs/js/jqueryMobile/demos/_assets/img phone_galaxy3.png
2014.03.13 09:46 B C:\Development\GitHub\4pia\libs\js\jqueryMobile\demos\_assets\img\phone_iphone5.png --> upload.comcast.net /4pia/libs/js/jqueryMobile/demos/_assets/img phone_iphone5.png
2014.03.13 09:46 B C:\Development\GitHub\4pia\libs\js\jqueryMobile\demos\_assets\img\phone_lumia920.png --> upload.comcast.net /4pia/libs/js/jqueryMobile/demos/_assets/img phone_lumia920.png
2014.03.13 09:46 B C:\Development\GitHub\4pia\libs\js\jqueryMobile\demos\_assets\img\phone_onex.png --> upload.comcast.net /4pia/libs/js/jqueryMobile/demos/_assets/img phone_onex.png
2014.03.13 09:46 B C:\Development\GitHub\4pia\libs\js\jqueryMobile\demos\_assets\img\photo-landscape.jpg --> upload.comcast.net /4pia/libs/js/jqueryMobile/demos/_assets/img photo-landscape.jpg
2014.03.13 09:46 B C:\Development\GitHub\4pia\libs\js\jqueryMobile\demos\_assets\img\photo-portrait.jpg --> upload.comcast.net /4pia/libs/js/jqueryMobile/demos/_assets/img photo-portrait.jpg
2014.03.13 09:46 B C:\Development\GitHub\4pia\libs\js\jqueryMobile\demos\_assets\img\photo-run.jpeg --> upload.comcast.net /4pia/libs/js/jqueryMobile/demos/_assets/img photo-run.jpeg
2014.03.13 09:46 B C:\Development\GitHub\4pia\libs\js\jqueryMobile\demos\_assets\img\seoul.jpg --> upload.comcast.net /4pia/libs/js/jqueryMobile/demos/_assets/img seoul.jpg
2014.03.13 09:46 B C:\Development\GitHub\4pia\libs\js\jqueryMobile\demos\_assets\img\sydney.jpg --> upload.comcast.net /4pia/libs/js/jqueryMobile/demos/_assets/img sydney.jpg
2014.03.13 09:46 B C:\Development\GitHub\4pia\libs\js\jqueryMobile\demos\_assets\img\tesla-thumb.jpg --> upload.comcast.net /4pia/libs/js/jqueryMobile/demos/_assets/img tesla-thumb.jpg
2014.03.13 09:47 B C:\Development\GitHub\4pia\libs\js\jqueryMobile\demos\_assets\img\tesla.jpg --> upload.comcast.net /4pia/libs/js/jqueryMobile/demos/_assets/img tesla.jpg
2014.03.13 09:47 B C:\Development\GitHub\4pia\libs\js\jqueryMobile\demos\_assets\img\tizen.png --> upload.comcast.net /4pia/libs/js/jqueryMobile/demos/_assets/img tizen.png
2014.03.13 09:47 B C:\Development\GitHub\4pia\libs\js\jqueryMobile\demos\_assets\img\us.png --> upload.comcast.net /4pia/libs/js/jqueryMobile/demos/_assets/img us.png
2014.03.19 11:16 B C:\Development\GitHub\4pia\libs\js\jquerymobile\demos\_assets\img\album-af.jpg --> 4pia.com /dev/libs/js/jquerymobile/demos/_assets/img album-af.jpg
2014.03.19 11:16 B C:\Development\GitHub\4pia\libs\js\jquerymobile\demos\_assets\img\album-ag.jpg --> 4pia.com /dev/libs/js/jquerymobile/demos/_assets/img album-ag.jpg
2014.03.19 11:16 B C:\Development\GitHub\4pia\libs\js\jquerymobile\demos\_assets\img\album-bb.jpg --> 4pia.com /dev/libs/js/jquerymobile/demos/_assets/img album-bb.jpg
2014.03.19 11:16 B C:\Development\GitHub\4pia\libs\js\jquerymobile\demos\_assets\img\album-bk.jpg --> 4pia.com /dev/libs/js/jquerymobile/demos/_assets/img album-bk.jpg
2014.03.19 11:16 B C:\Development\GitHub\4pia\libs\js\jquerymobile\demos\_assets\img\album-hc.jpg --> 4pia.com /dev/libs/js/jquerymobile/demos/_assets/img album-hc.jpg
2014.03.19 11:16 B C:\Development\GitHub\4pia\libs\js\jquerymobile\demos\_assets\img\album-k.jpg --> 4pia.com /dev/libs/js/jquerymobile/demos/_assets/img album-k.jpg
2014.03.19 11:16 B C:\Development\GitHub\4pia\libs\js\jquerymobile\demos\_assets\img\album-mg.jpg --> 4pia.com /dev/libs/js/jquerymobile/demos/_assets/img album-mg.jpg
2014.03.19 11:16 B C:\Development\GitHub\4pia\libs\js\jquerymobile\demos\_assets\img\album-ok.jpg --> 4pia.com /dev/libs/js/jquerymobile/demos/_assets/img album-ok.jpg
2014.03.19 11:16 B C:\Development\GitHub\4pia\libs\js\jquerymobile\demos\_assets\img\album-p.jpg --> 4pia.com /dev/libs/js/jquerymobile/demos/_assets/img album-p.jpg
2014.03.19 11:16 B C:\Development\GitHub\4pia\libs\js\jquerymobile\demos\_assets\img\album-rh.jpg --> 4pia.com /dev/libs/js/jquerymobile/demos/_assets/img album-rh.jpg
2014.03.19 11:16 B C:\Development\GitHub\4pia\libs\js\jquerymobile\demos\_assets\img\album-ws.jpg --> 4pia.com /dev/libs/js/jquerymobile/demos/_assets/img album-ws.jpg
2014.03.19 11:16 B C:\Development\GitHub\4pia\libs\js\jquerymobile\demos\_assets\img\album-xx.jpg --> 4pia.com /dev/libs/js/jquerymobile/demos/_assets/img album-xx.jpg
2014.03.19 11:16 B C:\Development\GitHub\4pia\libs\js\jquerymobile\demos\_assets\img\apple.png --> 4pia.com /dev/libs/js/jquerymobile/demos/_assets/img apple.png
2014.03.19 11:16 B C:\Development\GitHub\4pia\libs\js\jquerymobile\demos\_assets\img\bg-pattern.png --> 4pia.com /dev/libs/js/jquerymobile/demos/_assets/img bg-pattern.png
2014.03.19 11:16 B C:\Development\GitHub\4pia\libs\js\jquerymobile\demos\_assets\img\bike.jpg --> 4pia.com /dev/libs/js/jquerymobile/demos/_assets/img bike.jpg
2014.03.19 11:16 B C:\Development\GitHub\4pia\libs\js\jquerymobile\demos\_assets\img\blackberry_10.png --> 4pia.com /dev/libs/js/jquerymobile/demos/_assets/img blackberry_10.png
2014.03.19 11:16 B C:\Development\GitHub\4pia\libs\js\jquerymobile\demos\_assets\img\bmw-thumb.jpg --> 4pia.com /dev/libs/js/jquerymobile/demos/_assets/img bmw-thumb.jpg
2014.03.19 11:17 B C:\Development\GitHub\4pia\libs\js\jquerymobile\demos\_assets\img\bmw.jpg --> 4pia.com /dev/libs/js/jquerymobile/demos/_assets/img bmw.jpg
2014.03.19 11:17 B C:\Development\GitHub\4pia\libs\js\jquerymobile\demos\_assets\img\buenosaires.jpg --> 4pia.com /dev/libs/js/jquerymobile/demos/_assets/img buenosaires.jpg
2014.03.19 11:17 B C:\Development\GitHub\4pia\libs\js\jquerymobile\demos\_assets\img\capetown.jpg --> 4pia.com /dev/libs/js/jquerymobile/demos/_assets/img capetown.jpg
2014.03.19 11:17 B C:\Development\GitHub\4pia\libs\js\jquerymobile\demos\_assets\img\de.png --> 4pia.com /dev/libs/js/jquerymobile/demos/_assets/img de.png
2014.03.19 11:17 B C:\Development\GitHub\4pia\libs\js\jquerymobile\demos\_assets\img\devices.png --> 4pia.com /dev/libs/js/jquerymobile/demos/_assets/img devices.png
2014.03.19 11:17 B C:\Development\GitHub\4pia\libs\js\jquerymobile\demos\_assets\img\fi.png --> 4pia.com /dev/libs/js/jquerymobile/demos/_assets/img fi.png
2014.03.19 11:17 B C:\Development\GitHub\4pia\libs\js\jquerymobile\demos\_assets\img\firefox-logo.png --> 4pia.com /dev/libs/js/jquerymobile/demos/_assets/img firefox-logo.png
2014.03.19 11:17 B C:\Development\GitHub\4pia\libs\js\jquerymobile\demos\_assets\img\firefox_os.png --> 4pia.com /dev/libs/js/jquerymobile/demos/_assets/img firefox_os.png
2014.03.19 11:17 B C:\Development\GitHub\4pia\libs\js\jquerymobile\demos\_assets\img\galaxy_express.png --> 4pia.com /dev/libs/js/jquerymobile/demos/_assets/img galaxy_express.png
2014.03.19 11:17 B C:\Development\GitHub\4pia\libs\js\jquerymobile\demos\_assets\img\gb.png --> 4pia.com /dev/libs/js/jquerymobile/demos/_assets/img gb.png
2014.03.19 11:17 B C:\Development\GitHub\4pia\libs\js\jquerymobile\demos\_assets\img\gf.png --> 4pia.com /dev/libs/js/jquerymobile/demos/_assets/img gf.png
2014.03.19 11:17 B C:\Development\GitHub\4pia\libs\js\jquerymobile\demos\_assets\img\jquery-logo.png --> 4pia.com /dev/libs/js/jquerymobile/demos/_assets/img jquery-logo.png
2014.03.19 11:17 B C:\Development\GitHub\4pia\libs\js\jquerymobile\demos\_assets\img\landrover-thumb.jpg --> 4pia.com /dev/libs/js/jquerymobile/demos/_assets/img landrover-thumb.jpg
2014.03.19 11:17 B C:\Development\GitHub\4pia\libs\js\jquerymobile\demos\_assets\img\landrover.jpg --> 4pia.com /dev/libs/js/jquerymobile/demos/_assets/img landrover.jpg
2014.03.19 11:17 B C:\Development\GitHub\4pia\libs\js\jquerymobile\demos\_assets\img\lumia_800.png --> 4pia.com /dev/libs/js/jquerymobile/demos/_assets/img lumia_800.png
2014.03.19 11:17 B C:\Development\GitHub\4pia\libs\js\jquerymobile\demos\_assets\img\newyork.jpg --> 4pia.com /dev/libs/js/jquerymobile/demos/_assets/img newyork.jpg
2014.03.19 11:17 B C:\Development\GitHub\4pia\libs\js\jquerymobile\demos\_assets\img\nexus_7.png --> 4pia.com /dev/libs/js/jquerymobile/demos/_assets/img nexus_7.png
2014.03.19 11:17 B C:\Development\GitHub\4pia\libs\js\jquerymobile\demos\_assets\img\paris.jpg --> 4pia.com /dev/libs/js/jquerymobile/demos/_assets/img paris.jpg
2014.03.19 11:17 B C:\Development\GitHub\4pia\libs\js\jquerymobile\demos\_assets\img\phone_galaxy3.png --> 4pia.com /dev/libs/js/jquerymobile/demos/_assets/img phone_galaxy3.png
2014.03.19 11:17 B C:\Development\GitHub\4pia\libs\js\jquerymobile\demos\_assets\img\phone_iphone5.png --> 4pia.com /dev/libs/js/jquerymobile/demos/_assets/img phone_iphone5.png
2014.03.19 11:17 B C:\Development\GitHub\4pia\libs\js\jquerymobile\demos\_assets\img\phone_lumia920.png --> 4pia.com /dev/libs/js/jquerymobile/demos/_assets/img phone_lumia920.png
2014.03.19 11:17 B C:\Development\GitHub\4pia\libs\js\jquerymobile\demos\_assets\img\phone_onex.png --> 4pia.com /dev/libs/js/jquerymobile/demos/_assets/img phone_onex.png
2014.03.19 11:17 B C:\Development\GitHub\4pia\libs\js\jquerymobile\demos\_assets\img\photo-landscape.jpg --> 4pia.com /dev/libs/js/jquerymobile/demos/_assets/img photo-landscape.jpg
2014.03.19 11:17 B C:\Development\GitHub\4pia\libs\js\jquerymobile\demos\_assets\img\photo-portrait.jpg --> 4pia.com /dev/libs/js/jquerymobile/demos/_assets/img photo-portrait.jpg
2014.03.19 11:17 B C:\Development\GitHub\4pia\libs\js\jquerymobile\demos\_assets\img\photo-run.jpeg --> 4pia.com /dev/libs/js/jquerymobile/demos/_assets/img photo-run.jpeg
2014.03.19 11:17 B C:\Development\GitHub\4pia\libs\js\jquerymobile\demos\_assets\img\seoul.jpg --> 4pia.com /dev/libs/js/jquerymobile/demos/_assets/img seoul.jpg
2014.03.19 11:17 B C:\Development\GitHub\4pia\libs\js\jquerymobile\demos\_assets\img\sydney.jpg --> 4pia.com /dev/libs/js/jquerymobile/demos/_assets/img sydney.jpg
2014.03.19 11:17 B C:\Development\GitHub\4pia\libs\js\jquerymobile\demos\_assets\img\tesla-thumb.jpg --> 4pia.com /dev/libs/js/jquerymobile/demos/_assets/img tesla-thumb.jpg
2014.03.19 11:17 B C:\Development\GitHub\4pia\libs\js\jquerymobile\demos\_assets\img\tesla.jpg --> 4pia.com /dev/libs/js/jquerymobile/demos/_assets/img tesla.jpg
2014.03.19 11:17 B C:\Development\GitHub\4pia\libs\js\jquerymobile\demos\_assets\img\tizen.png --> 4pia.com /dev/libs/js/jquerymobile/demos/_assets/img tizen.png
2014.03.19 11:17 B C:\Development\GitHub\4pia\libs\js\jquerymobile\demos\_assets\img\us.png --> 4pia.com /dev/libs/js/jquerymobile/demos/_assets/img us.png
2014.03.19 11:17 B C:\Development\GitHub\4pia\libs\js\jquerymobile\demos\_assets\img\WS_FTP.LOG --> 4pia.com /dev/libs/js/jquerymobile/demos/_assets/img WS_FTP.LOG
