2014.03.13 09:42 B \aopalliance-1.0.jar --> upload.comcast.net /4pia/libs/js/highcharts/exporting-server/java/highcharts-export/highcharts-export-web/target/highcharts-export-web/WEB-INF/lib aopalliance-1.0.jar
2014.03.13 09:42 B \asm-3.3.1.jar --> upload.comcast.net /4pia/libs/js/highcharts/exporting-server/java/highcharts-export/highcharts-export-web/target/highcharts-export-web/WEB-INF/lib asm-3.3.1.jar
2014.03.13 09:42 B \cglib-2.2.2.jar --> upload.comcast.net /4pia/libs/js/highcharts/exporting-server/java/highcharts-export/highcharts-export-web/target/highcharts-export-web/WEB-INF/lib cglib-2.2.2.jar
2014.03.13 09:42 B \commons-codec-1.7.jar --> upload.comcast.net /4pia/libs/js/highcharts/exporting-server/java/highcharts-export/highcharts-export-web/target/highcharts-export-web/WEB-INF/lib commons-codec-1.7.jar
2014.03.13 09:42 B \commons-fileupload-1.2.2.jar --> upload.comcast.net /4pia/libs/js/highcharts/exporting-server/java/highcharts-export/highcharts-export-web/target/highcharts-export-web/WEB-INF/lib commons-fileupload-1.2.2.jar
2014.03.13 09:42 B \commons-io-1.3.2.jar --> upload.comcast.net /4pia/libs/js/highcharts/exporting-server/java/highcharts-export/highcharts-export-web/target/highcharts-export-web/WEB-INF/lib commons-io-1.3.2.jar
2014.03.13 09:42 B \commons-lang-2.5.jar --> upload.comcast.net /4pia/libs/js/highcharts/exporting-server/java/highcharts-export/highcharts-export-web/target/highcharts-export-web/WEB-INF/lib commons-lang-2.5.jar
2014.03.13 09:42 B \commons-logging-1.1.1.jar --> upload.comcast.net /4pia/libs/js/highcharts/exporting-server/java/highcharts-export/highcharts-export-web/target/highcharts-export-web/WEB-INF/lib commons-logging-1.1.1.jar
2014.03.13 09:42 B \gson-2.2.2.jar --> upload.comcast.net /4pia/libs/js/highcharts/exporting-server/java/highcharts-export/highcharts-export-web/target/highcharts-export-web/WEB-INF/lib gson-2.2.2.jar
2014.03.13 09:42 B \highcharts-export-convert-2.1.0.jar --> upload.comcast.net /4pia/libs/js/highcharts/exporting-server/java/highcharts-export/highcharts-export-web/target/highcharts-export-web/WEB-INF/lib highcharts-export-convert-2.1.0.jar
2014.03.13 09:42 B \jstl-1.1.2.jar --> upload.comcast.net /4pia/libs/js/highcharts/exporting-server/java/highcharts-export/highcharts-export-web/target/highcharts-export-web/WEB-INF/lib jstl-1.1.2.jar
2014.03.13 09:42 B \log4j-1.2.14.jar --> upload.comcast.net /4pia/libs/js/highcharts/exporting-server/java/highcharts-export/highcharts-export-web/target/highcharts-export-web/WEB-INF/lib log4j-1.2.14.jar
2014.03.13 09:42 B \spring-aop-3.2.0.RELEASE.jar --> upload.comcast.net /4pia/libs/js/highcharts/exporting-server/java/highcharts-export/highcharts-export-web/target/highcharts-export-web/WEB-INF/lib spring-aop-3.2.0.RELEASE.jar
2014.03.13 09:42 B \spring-beans-3.2.0.RELEASE.jar --> upload.comcast.net /4pia/libs/js/highcharts/exporting-server/java/highcharts-export/highcharts-export-web/target/highcharts-export-web/WEB-INF/lib spring-beans-3.2.0.RELEASE.jar
2014.03.13 09:42 B \spring-context-3.2.0.RELEASE.jar --> upload.comcast.net /4pia/libs/js/highcharts/exporting-server/java/highcharts-export/highcharts-export-web/target/highcharts-export-web/WEB-INF/lib spring-context-3.2.0.RELEASE.jar
2014.03.13 09:42 B \spring-core-3.2.0.RELEASE.jar --> upload.comcast.net /4pia/libs/js/highcharts/exporting-server/java/highcharts-export/highcharts-export-web/target/highcharts-export-web/WEB-INF/lib spring-core-3.2.0.RELEASE.jar
2014.03.13 09:42 B \spring-expression-3.2.0.RELEASE.jar --> upload.comcast.net /4pia/libs/js/highcharts/exporting-server/java/highcharts-export/highcharts-export-web/target/highcharts-export-web/WEB-INF/lib spring-expression-3.2.0.RELEASE.jar
2014.03.13 09:42 B \spring-web-3.2.0.RELEASE.jar --> upload.comcast.net /4pia/libs/js/highcharts/exporting-server/java/highcharts-export/highcharts-export-web/target/highcharts-export-web/WEB-INF/lib spring-web-3.2.0.RELEASE.jar
2014.03.13 09:42 B \spring-webmvc-3.2.0.RELEASE.jar --> upload.comcast.net /4pia/libs/js/highcharts/exporting-server/java/highcharts-export/highcharts-export-web/target/highcharts-export-web/WEB-INF/lib spring-webmvc-3.2.0.RELEASE.jar
2014.03.13 09:42 B \standard-1.1.2.jar --> upload.comcast.net /4pia/libs/js/highcharts/exporting-server/java/highcharts-export/highcharts-export-web/target/highcharts-export-web/WEB-INF/lib standard-1.1.2.jar
2014.03.19 11:12 B \aopalliance-1.0.jar --> 4pia.com /dev/libs/js/highcharts/exporting-server/java/highcharts-export/highcharts-export-web/target/highcharts-export-web/WEB-INF/lib aopalliance-1.0.jar
2014.03.19 11:12 B \asm-3.3.1.jar --> 4pia.com /dev/libs/js/highcharts/exporting-server/java/highcharts-export/highcharts-export-web/target/highcharts-export-web/WEB-INF/lib asm-3.3.1.jar
2014.03.19 11:13 B \cglib-2.2.2.jar --> 4pia.com /dev/libs/js/highcharts/exporting-server/java/highcharts-export/highcharts-export-web/target/highcharts-export-web/WEB-INF/lib cglib-2.2.2.jar
2014.03.19 11:13 B \commons-codec-1.7.jar --> 4pia.com /dev/libs/js/highcharts/exporting-server/java/highcharts-export/highcharts-export-web/target/highcharts-export-web/WEB-INF/lib commons-codec-1.7.jar
2014.03.19 11:13 B \commons-fileupload-1.2.2.jar --> 4pia.com /dev/libs/js/highcharts/exporting-server/java/highcharts-export/highcharts-export-web/target/highcharts-export-web/WEB-INF/lib commons-fileupload-1.2.2.jar
2014.03.19 11:13 B \commons-io-1.3.2.jar --> 4pia.com /dev/libs/js/highcharts/exporting-server/java/highcharts-export/highcharts-export-web/target/highcharts-export-web/WEB-INF/lib commons-io-1.3.2.jar
2014.03.19 11:13 B \commons-lang-2.5.jar --> 4pia.com /dev/libs/js/highcharts/exporting-server/java/highcharts-export/highcharts-export-web/target/highcharts-export-web/WEB-INF/lib commons-lang-2.5.jar
2014.03.19 11:13 B \commons-logging-1.1.1.jar --> 4pia.com /dev/libs/js/highcharts/exporting-server/java/highcharts-export/highcharts-export-web/target/highcharts-export-web/WEB-INF/lib commons-logging-1.1.1.jar
2014.03.19 11:13 B \gson-2.2.2.jar --> 4pia.com /dev/libs/js/highcharts/exporting-server/java/highcharts-export/highcharts-export-web/target/highcharts-export-web/WEB-INF/lib gson-2.2.2.jar
2014.03.19 11:13 B \highcharts-export-convert-2.1.0.jar --> 4pia.com /dev/libs/js/highcharts/exporting-server/java/highcharts-export/highcharts-export-web/target/highcharts-export-web/WEB-INF/lib highcharts-export-convert-2.1.0.jar
2014.03.19 11:13 B \jstl-1.1.2.jar --> 4pia.com /dev/libs/js/highcharts/exporting-server/java/highcharts-export/highcharts-export-web/target/highcharts-export-web/WEB-INF/lib jstl-1.1.2.jar
2014.03.19 11:13 B \log4j-1.2.14.jar --> 4pia.com /dev/libs/js/highcharts/exporting-server/java/highcharts-export/highcharts-export-web/target/highcharts-export-web/WEB-INF/lib log4j-1.2.14.jar
2014.03.19 11:13 B \spring-aop-3.2.0.RELEASE.jar --> 4pia.com /dev/libs/js/highcharts/exporting-server/java/highcharts-export/highcharts-export-web/target/highcharts-export-web/WEB-INF/lib spring-aop-3.2.0.RELEASE.jar
2014.03.19 11:13 B \spring-beans-3.2.0.RELEASE.jar --> 4pia.com /dev/libs/js/highcharts/exporting-server/java/highcharts-export/highcharts-export-web/target/highcharts-export-web/WEB-INF/lib spring-beans-3.2.0.RELEASE.jar
2014.03.19 11:13 B \spring-context-3.2.0.RELEASE.jar --> 4pia.com /dev/libs/js/highcharts/exporting-server/java/highcharts-export/highcharts-export-web/target/highcharts-export-web/WEB-INF/lib spring-context-3.2.0.RELEASE.jar
2014.03.19 11:13 B \spring-core-3.2.0.RELEASE.jar --> 4pia.com /dev/libs/js/highcharts/exporting-server/java/highcharts-export/highcharts-export-web/target/highcharts-export-web/WEB-INF/lib spring-core-3.2.0.RELEASE.jar
2014.03.19 11:13 B \spring-expression-3.2.0.RELEASE.jar --> 4pia.com /dev/libs/js/highcharts/exporting-server/java/highcharts-export/highcharts-export-web/target/highcharts-export-web/WEB-INF/lib spring-expression-3.2.0.RELEASE.jar
2014.03.19 11:13 B \spring-web-3.2.0.RELEASE.jar --> 4pia.com /dev/libs/js/highcharts/exporting-server/java/highcharts-export/highcharts-export-web/target/highcharts-export-web/WEB-INF/lib spring-web-3.2.0.RELEASE.jar
2014.03.19 11:13 B \spring-webmvc-3.2.0.RELEASE.jar --> 4pia.com /dev/libs/js/highcharts/exporting-server/java/highcharts-export/highcharts-export-web/target/highcharts-export-web/WEB-INF/lib spring-webmvc-3.2.0.RELEASE.jar
2014.03.19 11:13 B \standard-1.1.2.jar --> 4pia.com /dev/libs/js/highcharts/exporting-server/java/highcharts-export/highcharts-export-web/target/highcharts-export-web/WEB-INF/lib standard-1.1.2.jar
2014.03.19 11:13 B \WS_FTP.LOG --> 4pia.com /dev/libs/js/highcharts/exporting-server/java/highcharts-export/highcharts-export-web/target/highcharts-export-web/WEB-INF/lib WS_FTP.LOG
