2014.03.13 10:00 B C:\Development\GitHub\4pia\libs\js\jqueryMobile\images\icons-svg\action-black.svg --> upload.comcast.net /4pia/libs/js/jqueryMobile/images/icons-svg action-black.svg
2014.03.13 10:00 B C:\Development\GitHub\4pia\libs\js\jqueryMobile\images\icons-svg\action-white.svg --> upload.comcast.net /4pia/libs/js/jqueryMobile/images/icons-svg action-white.svg
2014.03.13 10:00 B C:\Development\GitHub\4pia\libs\js\jqueryMobile\images\icons-svg\alert-black.svg --> upload.comcast.net /4pia/libs/js/jqueryMobile/images/icons-svg alert-black.svg
2014.03.13 10:00 B C:\Development\GitHub\4pia\libs\js\jqueryMobile\images\icons-svg\alert-white.svg --> upload.comcast.net /4pia/libs/js/jqueryMobile/images/icons-svg alert-white.svg
2014.03.13 10:00 B C:\Development\GitHub\4pia\libs\js\jqueryMobile\images\icons-svg\arrow-d-black.svg --> upload.comcast.net /4pia/libs/js/jqueryMobile/images/icons-svg arrow-d-black.svg
2014.03.13 10:00 B C:\Development\GitHub\4pia\libs\js\jqueryMobile\images\icons-svg\arrow-d-l-black.svg --> upload.comcast.net /4pia/libs/js/jqueryMobile/images/icons-svg arrow-d-l-black.svg
2014.03.13 10:00 B C:\Development\GitHub\4pia\libs\js\jqueryMobile\images\icons-svg\arrow-d-l-white.svg --> upload.comcast.net /4pia/libs/js/jqueryMobile/images/icons-svg arrow-d-l-white.svg
2014.03.13 10:00 B C:\Development\GitHub\4pia\libs\js\jqueryMobile\images\icons-svg\arrow-d-r-black.svg --> upload.comcast.net /4pia/libs/js/jqueryMobile/images/icons-svg arrow-d-r-black.svg
2014.03.13 10:00 B C:\Development\GitHub\4pia\libs\js\jqueryMobile\images\icons-svg\arrow-d-r-white.svg --> upload.comcast.net /4pia/libs/js/jqueryMobile/images/icons-svg arrow-d-r-white.svg
2014.03.13 10:00 B C:\Development\GitHub\4pia\libs\js\jqueryMobile\images\icons-svg\arrow-d-white.svg --> upload.comcast.net /4pia/libs/js/jqueryMobile/images/icons-svg arrow-d-white.svg
2014.03.13 10:00 B C:\Development\GitHub\4pia\libs\js\jqueryMobile\images\icons-svg\arrow-l-black.svg --> upload.comcast.net /4pia/libs/js/jqueryMobile/images/icons-svg arrow-l-black.svg
2014.03.13 10:00 B C:\Development\GitHub\4pia\libs\js\jqueryMobile\images\icons-svg\arrow-l-white.svg --> upload.comcast.net /4pia/libs/js/jqueryMobile/images/icons-svg arrow-l-white.svg
2014.03.13 10:00 B C:\Development\GitHub\4pia\libs\js\jqueryMobile\images\icons-svg\arrow-r-black.svg --> upload.comcast.net /4pia/libs/js/jqueryMobile/images/icons-svg arrow-r-black.svg
2014.03.13 10:00 B C:\Development\GitHub\4pia\libs\js\jqueryMobile\images\icons-svg\arrow-r-white.svg --> upload.comcast.net /4pia/libs/js/jqueryMobile/images/icons-svg arrow-r-white.svg
2014.03.13 10:00 B C:\Development\GitHub\4pia\libs\js\jqueryMobile\images\icons-svg\arrow-u-black.svg --> upload.comcast.net /4pia/libs/js/jqueryMobile/images/icons-svg arrow-u-black.svg
2014.03.13 10:00 B C:\Development\GitHub\4pia\libs\js\jqueryMobile\images\icons-svg\arrow-u-l-black.svg --> upload.comcast.net /4pia/libs/js/jqueryMobile/images/icons-svg arrow-u-l-black.svg
2014.03.13 10:00 B C:\Development\GitHub\4pia\libs\js\jqueryMobile\images\icons-svg\arrow-u-l-white.svg --> upload.comcast.net /4pia/libs/js/jqueryMobile/images/icons-svg arrow-u-l-white.svg
2014.03.13 10:00 B C:\Development\GitHub\4pia\libs\js\jqueryMobile\images\icons-svg\arrow-u-r-black.svg --> upload.comcast.net /4pia/libs/js/jqueryMobile/images/icons-svg arrow-u-r-black.svg
2014.03.13 10:00 B C:\Development\GitHub\4pia\libs\js\jqueryMobile\images\icons-svg\arrow-u-r-white.svg --> upload.comcast.net /4pia/libs/js/jqueryMobile/images/icons-svg arrow-u-r-white.svg
2014.03.13 10:00 B C:\Development\GitHub\4pia\libs\js\jqueryMobile\images\icons-svg\arrow-u-white.svg --> upload.comcast.net /4pia/libs/js/jqueryMobile/images/icons-svg arrow-u-white.svg
2014.03.13 10:00 B C:\Development\GitHub\4pia\libs\js\jqueryMobile\images\icons-svg\audio-black.svg --> upload.comcast.net /4pia/libs/js/jqueryMobile/images/icons-svg audio-black.svg
2014.03.13 10:00 B C:\Development\GitHub\4pia\libs\js\jqueryMobile\images\icons-svg\audio-white.svg --> upload.comcast.net /4pia/libs/js/jqueryMobile/images/icons-svg audio-white.svg
2014.03.13 10:00 B C:\Development\GitHub\4pia\libs\js\jqueryMobile\images\icons-svg\back-black.svg --> upload.comcast.net /4pia/libs/js/jqueryMobile/images/icons-svg back-black.svg
2014.03.13 10:00 B C:\Development\GitHub\4pia\libs\js\jqueryMobile\images\icons-svg\back-white.svg --> upload.comcast.net /4pia/libs/js/jqueryMobile/images/icons-svg back-white.svg
2014.03.13 10:00 B C:\Development\GitHub\4pia\libs\js\jqueryMobile\images\icons-svg\bars-black.svg --> upload.comcast.net /4pia/libs/js/jqueryMobile/images/icons-svg bars-black.svg
2014.03.13 10:00 B C:\Development\GitHub\4pia\libs\js\jqueryMobile\images\icons-svg\bars-white.svg --> upload.comcast.net /4pia/libs/js/jqueryMobile/images/icons-svg bars-white.svg
2014.03.13 10:00 B C:\Development\GitHub\4pia\libs\js\jqueryMobile\images\icons-svg\bullets-black.svg --> upload.comcast.net /4pia/libs/js/jqueryMobile/images/icons-svg bullets-black.svg
2014.03.13 10:00 B C:\Development\GitHub\4pia\libs\js\jqueryMobile\images\icons-svg\bullets-white.svg --> upload.comcast.net /4pia/libs/js/jqueryMobile/images/icons-svg bullets-white.svg
2014.03.13 10:00 B C:\Development\GitHub\4pia\libs\js\jqueryMobile\images\icons-svg\calendar-black.svg --> upload.comcast.net /4pia/libs/js/jqueryMobile/images/icons-svg calendar-black.svg
2014.03.13 10:00 B C:\Development\GitHub\4pia\libs\js\jqueryMobile\images\icons-svg\calendar-white.svg --> upload.comcast.net /4pia/libs/js/jqueryMobile/images/icons-svg calendar-white.svg
2014.03.13 10:00 B C:\Development\GitHub\4pia\libs\js\jqueryMobile\images\icons-svg\camera-black.svg --> upload.comcast.net /4pia/libs/js/jqueryMobile/images/icons-svg camera-black.svg
2014.03.13 10:00 B C:\Development\GitHub\4pia\libs\js\jqueryMobile\images\icons-svg\camera-white.svg --> upload.comcast.net /4pia/libs/js/jqueryMobile/images/icons-svg camera-white.svg
2014.03.13 10:00 B C:\Development\GitHub\4pia\libs\js\jqueryMobile\images\icons-svg\carat-d-black.svg --> upload.comcast.net /4pia/libs/js/jqueryMobile/images/icons-svg carat-d-black.svg
2014.03.13 10:00 B C:\Development\GitHub\4pia\libs\js\jqueryMobile\images\icons-svg\carat-d-white.svg --> upload.comcast.net /4pia/libs/js/jqueryMobile/images/icons-svg carat-d-white.svg
2014.03.13 10:00 B C:\Development\GitHub\4pia\libs\js\jqueryMobile\images\icons-svg\carat-l-black.svg --> upload.comcast.net /4pia/libs/js/jqueryMobile/images/icons-svg carat-l-black.svg
2014.03.13 10:00 B C:\Development\GitHub\4pia\libs\js\jqueryMobile\images\icons-svg\carat-l-white.svg --> upload.comcast.net /4pia/libs/js/jqueryMobile/images/icons-svg carat-l-white.svg
2014.03.13 10:00 B C:\Development\GitHub\4pia\libs\js\jqueryMobile\images\icons-svg\carat-r-black.svg --> upload.comcast.net /4pia/libs/js/jqueryMobile/images/icons-svg carat-r-black.svg
2014.03.13 10:00 B C:\Development\GitHub\4pia\libs\js\jqueryMobile\images\icons-svg\carat-r-white.svg --> upload.comcast.net /4pia/libs/js/jqueryMobile/images/icons-svg carat-r-white.svg
2014.03.13 10:00 B C:\Development\GitHub\4pia\libs\js\jqueryMobile\images\icons-svg\carat-u-black.svg --> upload.comcast.net /4pia/libs/js/jqueryMobile/images/icons-svg carat-u-black.svg
2014.03.13 10:00 B C:\Development\GitHub\4pia\libs\js\jqueryMobile\images\icons-svg\carat-u-white.svg --> upload.comcast.net /4pia/libs/js/jqueryMobile/images/icons-svg carat-u-white.svg
2014.03.13 10:00 B C:\Development\GitHub\4pia\libs\js\jqueryMobile\images\icons-svg\check-black.svg --> upload.comcast.net /4pia/libs/js/jqueryMobile/images/icons-svg check-black.svg
2014.03.13 10:00 B C:\Development\GitHub\4pia\libs\js\jqueryMobile\images\icons-svg\check-white.svg --> upload.comcast.net /4pia/libs/js/jqueryMobile/images/icons-svg check-white.svg
2014.03.13 10:00 B C:\Development\GitHub\4pia\libs\js\jqueryMobile\images\icons-svg\clock-black.svg --> upload.comcast.net /4pia/libs/js/jqueryMobile/images/icons-svg clock-black.svg
2014.03.13 10:00 B C:\Development\GitHub\4pia\libs\js\jqueryMobile\images\icons-svg\clock-white.svg --> upload.comcast.net /4pia/libs/js/jqueryMobile/images/icons-svg clock-white.svg
2014.03.13 10:00 B C:\Development\GitHub\4pia\libs\js\jqueryMobile\images\icons-svg\cloud-black.svg --> upload.comcast.net /4pia/libs/js/jqueryMobile/images/icons-svg cloud-black.svg
2014.03.13 10:00 B C:\Development\GitHub\4pia\libs\js\jqueryMobile\images\icons-svg\cloud-white.svg --> upload.comcast.net /4pia/libs/js/jqueryMobile/images/icons-svg cloud-white.svg
2014.03.13 10:00 B C:\Development\GitHub\4pia\libs\js\jqueryMobile\images\icons-svg\comment-black.svg --> upload.comcast.net /4pia/libs/js/jqueryMobile/images/icons-svg comment-black.svg
2014.03.13 10:00 B C:\Development\GitHub\4pia\libs\js\jqueryMobile\images\icons-svg\comment-white.svg --> upload.comcast.net /4pia/libs/js/jqueryMobile/images/icons-svg comment-white.svg
2014.03.13 10:00 B C:\Development\GitHub\4pia\libs\js\jqueryMobile\images\icons-svg\delete-black.svg --> upload.comcast.net /4pia/libs/js/jqueryMobile/images/icons-svg delete-black.svg
2014.03.13 10:00 B C:\Development\GitHub\4pia\libs\js\jqueryMobile\images\icons-svg\delete-white.svg --> upload.comcast.net /4pia/libs/js/jqueryMobile/images/icons-svg delete-white.svg
2014.03.13 10:00 B C:\Development\GitHub\4pia\libs\js\jqueryMobile\images\icons-svg\edit-black.svg --> upload.comcast.net /4pia/libs/js/jqueryMobile/images/icons-svg edit-black.svg
2014.03.13 10:00 B C:\Development\GitHub\4pia\libs\js\jqueryMobile\images\icons-svg\edit-white.svg --> upload.comcast.net /4pia/libs/js/jqueryMobile/images/icons-svg edit-white.svg
2014.03.13 10:00 B C:\Development\GitHub\4pia\libs\js\jqueryMobile\images\icons-svg\eye-black.svg --> upload.comcast.net /4pia/libs/js/jqueryMobile/images/icons-svg eye-black.svg
2014.03.13 10:00 B C:\Development\GitHub\4pia\libs\js\jqueryMobile\images\icons-svg\eye-white.svg --> upload.comcast.net /4pia/libs/js/jqueryMobile/images/icons-svg eye-white.svg
2014.03.13 10:00 B C:\Development\GitHub\4pia\libs\js\jqueryMobile\images\icons-svg\forbidden-black.svg --> upload.comcast.net /4pia/libs/js/jqueryMobile/images/icons-svg forbidden-black.svg
2014.03.13 10:00 B C:\Development\GitHub\4pia\libs\js\jqueryMobile\images\icons-svg\forbidden-white.svg --> upload.comcast.net /4pia/libs/js/jqueryMobile/images/icons-svg forbidden-white.svg
2014.03.13 10:00 B C:\Development\GitHub\4pia\libs\js\jqueryMobile\images\icons-svg\forward-black.svg --> upload.comcast.net /4pia/libs/js/jqueryMobile/images/icons-svg forward-black.svg
2014.03.13 10:00 B C:\Development\GitHub\4pia\libs\js\jqueryMobile\images\icons-svg\forward-white.svg --> upload.comcast.net /4pia/libs/js/jqueryMobile/images/icons-svg forward-white.svg
2014.03.13 10:00 B C:\Development\GitHub\4pia\libs\js\jqueryMobile\images\icons-svg\gear-black.svg --> upload.comcast.net /4pia/libs/js/jqueryMobile/images/icons-svg gear-black.svg
2014.03.13 10:00 B C:\Development\GitHub\4pia\libs\js\jqueryMobile\images\icons-svg\gear-white.svg --> upload.comcast.net /4pia/libs/js/jqueryMobile/images/icons-svg gear-white.svg
2014.03.13 10:00 B C:\Development\GitHub\4pia\libs\js\jqueryMobile\images\icons-svg\grid-black.svg --> upload.comcast.net /4pia/libs/js/jqueryMobile/images/icons-svg grid-black.svg
2014.03.13 10:00 B C:\Development\GitHub\4pia\libs\js\jqueryMobile\images\icons-svg\grid-white.svg --> upload.comcast.net /4pia/libs/js/jqueryMobile/images/icons-svg grid-white.svg
2014.03.13 10:00 B C:\Development\GitHub\4pia\libs\js\jqueryMobile\images\icons-svg\heart-black.svg --> upload.comcast.net /4pia/libs/js/jqueryMobile/images/icons-svg heart-black.svg
2014.03.13 10:00 B C:\Development\GitHub\4pia\libs\js\jqueryMobile\images\icons-svg\heart-white.svg --> upload.comcast.net /4pia/libs/js/jqueryMobile/images/icons-svg heart-white.svg
2014.03.13 10:00 B C:\Development\GitHub\4pia\libs\js\jqueryMobile\images\icons-svg\home-black.svg --> upload.comcast.net /4pia/libs/js/jqueryMobile/images/icons-svg home-black.svg
2014.03.13 10:00 B C:\Development\GitHub\4pia\libs\js\jqueryMobile\images\icons-svg\home-white.svg --> upload.comcast.net /4pia/libs/js/jqueryMobile/images/icons-svg home-white.svg
2014.03.13 10:00 B C:\Development\GitHub\4pia\libs\js\jqueryMobile\images\icons-svg\info-black.svg --> upload.comcast.net /4pia/libs/js/jqueryMobile/images/icons-svg info-black.svg
2014.03.13 10:00 B C:\Development\GitHub\4pia\libs\js\jqueryMobile\images\icons-svg\info-white.svg --> upload.comcast.net /4pia/libs/js/jqueryMobile/images/icons-svg info-white.svg
2014.03.13 10:00 B C:\Development\GitHub\4pia\libs\js\jqueryMobile\images\icons-svg\location-black.svg --> upload.comcast.net /4pia/libs/js/jqueryMobile/images/icons-svg location-black.svg
2014.03.13 10:00 B C:\Development\GitHub\4pia\libs\js\jqueryMobile\images\icons-svg\location-white.svg --> upload.comcast.net /4pia/libs/js/jqueryMobile/images/icons-svg location-white.svg
2014.03.13 10:00 B C:\Development\GitHub\4pia\libs\js\jqueryMobile\images\icons-svg\lock-black.svg --> upload.comcast.net /4pia/libs/js/jqueryMobile/images/icons-svg lock-black.svg
2014.03.13 10:00 B C:\Development\GitHub\4pia\libs\js\jqueryMobile\images\icons-svg\lock-white.svg --> upload.comcast.net /4pia/libs/js/jqueryMobile/images/icons-svg lock-white.svg
2014.03.13 10:00 B C:\Development\GitHub\4pia\libs\js\jqueryMobile\images\icons-svg\mail-black.svg --> upload.comcast.net /4pia/libs/js/jqueryMobile/images/icons-svg mail-black.svg
2014.03.13 10:00 B C:\Development\GitHub\4pia\libs\js\jqueryMobile\images\icons-svg\mail-white.svg --> upload.comcast.net /4pia/libs/js/jqueryMobile/images/icons-svg mail-white.svg
2014.03.13 10:00 B C:\Development\GitHub\4pia\libs\js\jqueryMobile\images\icons-svg\minus-black.svg --> upload.comcast.net /4pia/libs/js/jqueryMobile/images/icons-svg minus-black.svg
2014.03.13 10:00 B C:\Development\GitHub\4pia\libs\js\jqueryMobile\images\icons-svg\minus-white.svg --> upload.comcast.net /4pia/libs/js/jqueryMobile/images/icons-svg minus-white.svg
2014.03.13 10:00 B C:\Development\GitHub\4pia\libs\js\jqueryMobile\images\icons-svg\navigation-black.svg --> upload.comcast.net /4pia/libs/js/jqueryMobile/images/icons-svg navigation-black.svg
2014.03.13 10:00 B C:\Development\GitHub\4pia\libs\js\jqueryMobile\images\icons-svg\navigation-white.svg --> upload.comcast.net /4pia/libs/js/jqueryMobile/images/icons-svg navigation-white.svg
2014.03.13 10:00 B C:\Development\GitHub\4pia\libs\js\jqueryMobile\images\icons-svg\phone-black.svg --> upload.comcast.net /4pia/libs/js/jqueryMobile/images/icons-svg phone-black.svg
2014.03.13 10:00 B C:\Development\GitHub\4pia\libs\js\jqueryMobile\images\icons-svg\phone-white.svg --> upload.comcast.net /4pia/libs/js/jqueryMobile/images/icons-svg phone-white.svg
2014.03.13 10:00 B C:\Development\GitHub\4pia\libs\js\jqueryMobile\images\icons-svg\plus-black.svg --> upload.comcast.net /4pia/libs/js/jqueryMobile/images/icons-svg plus-black.svg
2014.03.13 10:00 B C:\Development\GitHub\4pia\libs\js\jqueryMobile\images\icons-svg\plus-white.svg --> upload.comcast.net /4pia/libs/js/jqueryMobile/images/icons-svg plus-white.svg
2014.03.13 10:00 B C:\Development\GitHub\4pia\libs\js\jqueryMobile\images\icons-svg\power-black.svg --> upload.comcast.net /4pia/libs/js/jqueryMobile/images/icons-svg power-black.svg
2014.03.13 10:00 B C:\Development\GitHub\4pia\libs\js\jqueryMobile\images\icons-svg\power-white.svg --> upload.comcast.net /4pia/libs/js/jqueryMobile/images/icons-svg power-white.svg
2014.03.13 10:01 B C:\Development\GitHub\4pia\libs\js\jqueryMobile\images\icons-svg\recycle-black.svg --> upload.comcast.net /4pia/libs/js/jqueryMobile/images/icons-svg recycle-black.svg
2014.03.13 10:01 B C:\Development\GitHub\4pia\libs\js\jqueryMobile\images\icons-svg\recycle-white.svg --> upload.comcast.net /4pia/libs/js/jqueryMobile/images/icons-svg recycle-white.svg
2014.03.13 10:01 B C:\Development\GitHub\4pia\libs\js\jqueryMobile\images\icons-svg\refresh-black.svg --> upload.comcast.net /4pia/libs/js/jqueryMobile/images/icons-svg refresh-black.svg
2014.03.13 10:01 B C:\Development\GitHub\4pia\libs\js\jqueryMobile\images\icons-svg\refresh-white.svg --> upload.comcast.net /4pia/libs/js/jqueryMobile/images/icons-svg refresh-white.svg
2014.03.13 10:01 B C:\Development\GitHub\4pia\libs\js\jqueryMobile\images\icons-svg\search-black.svg --> upload.comcast.net /4pia/libs/js/jqueryMobile/images/icons-svg search-black.svg
2014.03.13 10:01 B C:\Development\GitHub\4pia\libs\js\jqueryMobile\images\icons-svg\search-white.svg --> upload.comcast.net /4pia/libs/js/jqueryMobile/images/icons-svg search-white.svg
2014.03.13 10:01 B C:\Development\GitHub\4pia\libs\js\jqueryMobile\images\icons-svg\shop-black.svg --> upload.comcast.net /4pia/libs/js/jqueryMobile/images/icons-svg shop-black.svg
2014.03.13 10:01 B C:\Development\GitHub\4pia\libs\js\jqueryMobile\images\icons-svg\shop-white.svg --> upload.comcast.net /4pia/libs/js/jqueryMobile/images/icons-svg shop-white.svg
2014.03.13 10:01 B C:\Development\GitHub\4pia\libs\js\jqueryMobile\images\icons-svg\star-black.svg --> upload.comcast.net /4pia/libs/js/jqueryMobile/images/icons-svg star-black.svg
2014.03.13 10:01 B C:\Development\GitHub\4pia\libs\js\jqueryMobile\images\icons-svg\star-white.svg --> upload.comcast.net /4pia/libs/js/jqueryMobile/images/icons-svg star-white.svg
2014.03.13 10:01 B C:\Development\GitHub\4pia\libs\js\jqueryMobile\images\icons-svg\tag-black.svg --> upload.comcast.net /4pia/libs/js/jqueryMobile/images/icons-svg tag-black.svg
2014.03.13 10:01 B C:\Development\GitHub\4pia\libs\js\jqueryMobile\images\icons-svg\tag-white.svg --> upload.comcast.net /4pia/libs/js/jqueryMobile/images/icons-svg tag-white.svg
2014.03.13 10:01 B C:\Development\GitHub\4pia\libs\js\jqueryMobile\images\icons-svg\user-black.svg --> upload.comcast.net /4pia/libs/js/jqueryMobile/images/icons-svg user-black.svg
2014.03.13 10:01 B C:\Development\GitHub\4pia\libs\js\jqueryMobile\images\icons-svg\user-white.svg --> upload.comcast.net /4pia/libs/js/jqueryMobile/images/icons-svg user-white.svg
2014.03.13 10:01 B C:\Development\GitHub\4pia\libs\js\jqueryMobile\images\icons-svg\video-black.svg --> upload.comcast.net /4pia/libs/js/jqueryMobile/images/icons-svg video-black.svg
2014.03.13 10:01 B C:\Development\GitHub\4pia\libs\js\jqueryMobile\images\icons-svg\video-white.svg --> upload.comcast.net /4pia/libs/js/jqueryMobile/images/icons-svg video-white.svg
2014.03.13 10:50 B C:\Development\GitHub\4pia\libs\js\jqueryMobile\images\icons-svg\action-black.svg --> upload.comcast.net /pia/libs/js/jqueryMobile/images/icons-svg action-black.svg
2014.03.13 10:50 B C:\Development\GitHub\4pia\libs\js\jqueryMobile\images\icons-svg\action-white.svg --> upload.comcast.net /pia/libs/js/jqueryMobile/images/icons-svg action-white.svg
2014.03.13 10:50 B C:\Development\GitHub\4pia\libs\js\jqueryMobile\images\icons-svg\alert-black.svg --> upload.comcast.net /pia/libs/js/jqueryMobile/images/icons-svg alert-black.svg
2014.03.13 10:50 B C:\Development\GitHub\4pia\libs\js\jqueryMobile\images\icons-svg\alert-white.svg --> upload.comcast.net /pia/libs/js/jqueryMobile/images/icons-svg alert-white.svg
2014.03.13 10:50 B C:\Development\GitHub\4pia\libs\js\jqueryMobile\images\icons-svg\arrow-d-black.svg --> upload.comcast.net /pia/libs/js/jqueryMobile/images/icons-svg arrow-d-black.svg
2014.03.13 10:50 B C:\Development\GitHub\4pia\libs\js\jqueryMobile\images\icons-svg\arrow-d-l-black.svg --> upload.comcast.net /pia/libs/js/jqueryMobile/images/icons-svg arrow-d-l-black.svg
2014.03.13 10:50 B C:\Development\GitHub\4pia\libs\js\jqueryMobile\images\icons-svg\arrow-d-l-white.svg --> upload.comcast.net /pia/libs/js/jqueryMobile/images/icons-svg arrow-d-l-white.svg
2014.03.13 10:50 B C:\Development\GitHub\4pia\libs\js\jqueryMobile\images\icons-svg\arrow-d-r-black.svg --> upload.comcast.net /pia/libs/js/jqueryMobile/images/icons-svg arrow-d-r-black.svg
2014.03.13 10:50 B C:\Development\GitHub\4pia\libs\js\jqueryMobile\images\icons-svg\arrow-d-r-white.svg --> upload.comcast.net /pia/libs/js/jqueryMobile/images/icons-svg arrow-d-r-white.svg
2014.03.13 10:50 B C:\Development\GitHub\4pia\libs\js\jqueryMobile\images\icons-svg\arrow-d-white.svg --> upload.comcast.net /pia/libs/js/jqueryMobile/images/icons-svg arrow-d-white.svg
2014.03.13 10:50 B C:\Development\GitHub\4pia\libs\js\jqueryMobile\images\icons-svg\arrow-l-black.svg --> upload.comcast.net /pia/libs/js/jqueryMobile/images/icons-svg arrow-l-black.svg
2014.03.13 10:50 B C:\Development\GitHub\4pia\libs\js\jqueryMobile\images\icons-svg\arrow-l-white.svg --> upload.comcast.net /pia/libs/js/jqueryMobile/images/icons-svg arrow-l-white.svg
2014.03.13 10:50 B C:\Development\GitHub\4pia\libs\js\jqueryMobile\images\icons-svg\arrow-r-black.svg --> upload.comcast.net /pia/libs/js/jqueryMobile/images/icons-svg arrow-r-black.svg
2014.03.13 10:50 B C:\Development\GitHub\4pia\libs\js\jqueryMobile\images\icons-svg\arrow-r-white.svg --> upload.comcast.net /pia/libs/js/jqueryMobile/images/icons-svg arrow-r-white.svg
2014.03.13 10:50 B C:\Development\GitHub\4pia\libs\js\jqueryMobile\images\icons-svg\arrow-u-black.svg --> upload.comcast.net /pia/libs/js/jqueryMobile/images/icons-svg arrow-u-black.svg
2014.03.13 10:50 B C:\Development\GitHub\4pia\libs\js\jqueryMobile\images\icons-svg\arrow-u-l-black.svg --> upload.comcast.net /pia/libs/js/jqueryMobile/images/icons-svg arrow-u-l-black.svg
2014.03.13 10:50 B C:\Development\GitHub\4pia\libs\js\jqueryMobile\images\icons-svg\arrow-u-l-white.svg --> upload.comcast.net /pia/libs/js/jqueryMobile/images/icons-svg arrow-u-l-white.svg
2014.03.13 10:50 B C:\Development\GitHub\4pia\libs\js\jqueryMobile\images\icons-svg\arrow-u-r-black.svg --> upload.comcast.net /pia/libs/js/jqueryMobile/images/icons-svg arrow-u-r-black.svg
2014.03.13 10:50 B C:\Development\GitHub\4pia\libs\js\jqueryMobile\images\icons-svg\arrow-u-r-white.svg --> upload.comcast.net /pia/libs/js/jqueryMobile/images/icons-svg arrow-u-r-white.svg
2014.03.13 10:51 B C:\Development\GitHub\4pia\libs\js\jqueryMobile\images\icons-svg\arrow-u-white.svg --> upload.comcast.net /pia/libs/js/jqueryMobile/images/icons-svg arrow-u-white.svg
2014.03.13 10:51 B C:\Development\GitHub\4pia\libs\js\jqueryMobile\images\icons-svg\audio-black.svg --> upload.comcast.net /pia/libs/js/jqueryMobile/images/icons-svg audio-black.svg
2014.03.13 10:51 B C:\Development\GitHub\4pia\libs\js\jqueryMobile\images\icons-svg\audio-white.svg --> upload.comcast.net /pia/libs/js/jqueryMobile/images/icons-svg audio-white.svg
2014.03.13 10:51 B C:\Development\GitHub\4pia\libs\js\jqueryMobile\images\icons-svg\back-black.svg --> upload.comcast.net /pia/libs/js/jqueryMobile/images/icons-svg back-black.svg
2014.03.13 10:51 B C:\Development\GitHub\4pia\libs\js\jqueryMobile\images\icons-svg\back-white.svg --> upload.comcast.net /pia/libs/js/jqueryMobile/images/icons-svg back-white.svg
2014.03.13 10:51 B C:\Development\GitHub\4pia\libs\js\jqueryMobile\images\icons-svg\bars-black.svg --> upload.comcast.net /pia/libs/js/jqueryMobile/images/icons-svg bars-black.svg
2014.03.13 10:51 B C:\Development\GitHub\4pia\libs\js\jqueryMobile\images\icons-svg\bars-white.svg --> upload.comcast.net /pia/libs/js/jqueryMobile/images/icons-svg bars-white.svg
2014.03.13 10:51 B C:\Development\GitHub\4pia\libs\js\jqueryMobile\images\icons-svg\bullets-black.svg --> upload.comcast.net /pia/libs/js/jqueryMobile/images/icons-svg bullets-black.svg
2014.03.13 10:51 B C:\Development\GitHub\4pia\libs\js\jqueryMobile\images\icons-svg\bullets-white.svg --> upload.comcast.net /pia/libs/js/jqueryMobile/images/icons-svg bullets-white.svg
2014.03.13 10:51 B C:\Development\GitHub\4pia\libs\js\jqueryMobile\images\icons-svg\calendar-black.svg --> upload.comcast.net /pia/libs/js/jqueryMobile/images/icons-svg calendar-black.svg
2014.03.13 10:51 B C:\Development\GitHub\4pia\libs\js\jqueryMobile\images\icons-svg\calendar-white.svg --> upload.comcast.net /pia/libs/js/jqueryMobile/images/icons-svg calendar-white.svg
2014.03.13 10:51 B C:\Development\GitHub\4pia\libs\js\jqueryMobile\images\icons-svg\camera-black.svg --> upload.comcast.net /pia/libs/js/jqueryMobile/images/icons-svg camera-black.svg
2014.03.13 10:51 B C:\Development\GitHub\4pia\libs\js\jqueryMobile\images\icons-svg\camera-white.svg --> upload.comcast.net /pia/libs/js/jqueryMobile/images/icons-svg camera-white.svg
2014.03.13 10:51 B C:\Development\GitHub\4pia\libs\js\jqueryMobile\images\icons-svg\carat-d-black.svg --> upload.comcast.net /pia/libs/js/jqueryMobile/images/icons-svg carat-d-black.svg
2014.03.13 10:51 B C:\Development\GitHub\4pia\libs\js\jqueryMobile\images\icons-svg\carat-d-white.svg --> upload.comcast.net /pia/libs/js/jqueryMobile/images/icons-svg carat-d-white.svg
2014.03.13 10:51 B C:\Development\GitHub\4pia\libs\js\jqueryMobile\images\icons-svg\carat-l-black.svg --> upload.comcast.net /pia/libs/js/jqueryMobile/images/icons-svg carat-l-black.svg
2014.03.13 10:51 B C:\Development\GitHub\4pia\libs\js\jqueryMobile\images\icons-svg\carat-l-white.svg --> upload.comcast.net /pia/libs/js/jqueryMobile/images/icons-svg carat-l-white.svg
2014.03.13 10:51 B C:\Development\GitHub\4pia\libs\js\jqueryMobile\images\icons-svg\carat-r-black.svg --> upload.comcast.net /pia/libs/js/jqueryMobile/images/icons-svg carat-r-black.svg
2014.03.13 10:51 B C:\Development\GitHub\4pia\libs\js\jqueryMobile\images\icons-svg\carat-r-white.svg --> upload.comcast.net /pia/libs/js/jqueryMobile/images/icons-svg carat-r-white.svg
2014.03.13 10:51 B C:\Development\GitHub\4pia\libs\js\jqueryMobile\images\icons-svg\carat-u-black.svg --> upload.comcast.net /pia/libs/js/jqueryMobile/images/icons-svg carat-u-black.svg
2014.03.13 10:51 B C:\Development\GitHub\4pia\libs\js\jqueryMobile\images\icons-svg\carat-u-white.svg --> upload.comcast.net /pia/libs/js/jqueryMobile/images/icons-svg carat-u-white.svg
2014.03.13 10:51 B C:\Development\GitHub\4pia\libs\js\jqueryMobile\images\icons-svg\check-black.svg --> upload.comcast.net /pia/libs/js/jqueryMobile/images/icons-svg check-black.svg
2014.03.13 10:51 B C:\Development\GitHub\4pia\libs\js\jqueryMobile\images\icons-svg\check-white.svg --> upload.comcast.net /pia/libs/js/jqueryMobile/images/icons-svg check-white.svg
2014.03.13 10:51 B C:\Development\GitHub\4pia\libs\js\jqueryMobile\images\icons-svg\clock-black.svg --> upload.comcast.net /pia/libs/js/jqueryMobile/images/icons-svg clock-black.svg
2014.03.13 10:51 B C:\Development\GitHub\4pia\libs\js\jqueryMobile\images\icons-svg\clock-white.svg --> upload.comcast.net /pia/libs/js/jqueryMobile/images/icons-svg clock-white.svg
2014.03.13 10:51 B C:\Development\GitHub\4pia\libs\js\jqueryMobile\images\icons-svg\cloud-black.svg --> upload.comcast.net /pia/libs/js/jqueryMobile/images/icons-svg cloud-black.svg
2014.03.13 10:51 B C:\Development\GitHub\4pia\libs\js\jqueryMobile\images\icons-svg\cloud-white.svg --> upload.comcast.net /pia/libs/js/jqueryMobile/images/icons-svg cloud-white.svg
2014.03.13 10:51 B C:\Development\GitHub\4pia\libs\js\jqueryMobile\images\icons-svg\comment-black.svg --> upload.comcast.net /pia/libs/js/jqueryMobile/images/icons-svg comment-black.svg
2014.03.13 10:51 B C:\Development\GitHub\4pia\libs\js\jqueryMobile\images\icons-svg\comment-white.svg --> upload.comcast.net /pia/libs/js/jqueryMobile/images/icons-svg comment-white.svg
2014.03.13 10:51 B C:\Development\GitHub\4pia\libs\js\jqueryMobile\images\icons-svg\delete-black.svg --> upload.comcast.net /pia/libs/js/jqueryMobile/images/icons-svg delete-black.svg
2014.03.13 10:51 B C:\Development\GitHub\4pia\libs\js\jqueryMobile\images\icons-svg\delete-white.svg --> upload.comcast.net /pia/libs/js/jqueryMobile/images/icons-svg delete-white.svg
2014.03.13 10:51 B C:\Development\GitHub\4pia\libs\js\jqueryMobile\images\icons-svg\edit-black.svg --> upload.comcast.net /pia/libs/js/jqueryMobile/images/icons-svg edit-black.svg
2014.03.13 10:51 B C:\Development\GitHub\4pia\libs\js\jqueryMobile\images\icons-svg\edit-white.svg --> upload.comcast.net /pia/libs/js/jqueryMobile/images/icons-svg edit-white.svg
2014.03.13 10:51 B C:\Development\GitHub\4pia\libs\js\jqueryMobile\images\icons-svg\eye-black.svg --> upload.comcast.net /pia/libs/js/jqueryMobile/images/icons-svg eye-black.svg
2014.03.13 10:51 B C:\Development\GitHub\4pia\libs\js\jqueryMobile\images\icons-svg\eye-white.svg --> upload.comcast.net /pia/libs/js/jqueryMobile/images/icons-svg eye-white.svg
2014.03.13 10:51 B C:\Development\GitHub\4pia\libs\js\jqueryMobile\images\icons-svg\forbidden-black.svg --> upload.comcast.net /pia/libs/js/jqueryMobile/images/icons-svg forbidden-black.svg
2014.03.13 10:51 B C:\Development\GitHub\4pia\libs\js\jqueryMobile\images\icons-svg\forbidden-white.svg --> upload.comcast.net /pia/libs/js/jqueryMobile/images/icons-svg forbidden-white.svg
2014.03.13 10:51 B C:\Development\GitHub\4pia\libs\js\jqueryMobile\images\icons-svg\forward-black.svg --> upload.comcast.net /pia/libs/js/jqueryMobile/images/icons-svg forward-black.svg
2014.03.13 10:51 B C:\Development\GitHub\4pia\libs\js\jqueryMobile\images\icons-svg\forward-white.svg --> upload.comcast.net /pia/libs/js/jqueryMobile/images/icons-svg forward-white.svg
2014.03.13 10:51 B C:\Development\GitHub\4pia\libs\js\jqueryMobile\images\icons-svg\gear-black.svg --> upload.comcast.net /pia/libs/js/jqueryMobile/images/icons-svg gear-black.svg
2014.03.13 10:51 B C:\Development\GitHub\4pia\libs\js\jqueryMobile\images\icons-svg\gear-white.svg --> upload.comcast.net /pia/libs/js/jqueryMobile/images/icons-svg gear-white.svg
2014.03.13 10:51 B C:\Development\GitHub\4pia\libs\js\jqueryMobile\images\icons-svg\grid-black.svg --> upload.comcast.net /pia/libs/js/jqueryMobile/images/icons-svg grid-black.svg
2014.03.13 10:51 B C:\Development\GitHub\4pia\libs\js\jqueryMobile\images\icons-svg\grid-white.svg --> upload.comcast.net /pia/libs/js/jqueryMobile/images/icons-svg grid-white.svg
2014.03.13 10:51 B C:\Development\GitHub\4pia\libs\js\jqueryMobile\images\icons-svg\heart-black.svg --> upload.comcast.net /pia/libs/js/jqueryMobile/images/icons-svg heart-black.svg
2014.03.13 10:51 B C:\Development\GitHub\4pia\libs\js\jqueryMobile\images\icons-svg\heart-white.svg --> upload.comcast.net /pia/libs/js/jqueryMobile/images/icons-svg heart-white.svg
2014.03.13 10:51 B C:\Development\GitHub\4pia\libs\js\jqueryMobile\images\icons-svg\home-black.svg --> upload.comcast.net /pia/libs/js/jqueryMobile/images/icons-svg home-black.svg
2014.03.13 10:51 B C:\Development\GitHub\4pia\libs\js\jqueryMobile\images\icons-svg\home-white.svg --> upload.comcast.net /pia/libs/js/jqueryMobile/images/icons-svg home-white.svg
2014.03.13 10:51 B C:\Development\GitHub\4pia\libs\js\jqueryMobile\images\icons-svg\info-black.svg --> upload.comcast.net /pia/libs/js/jqueryMobile/images/icons-svg info-black.svg
2014.03.13 10:51 B C:\Development\GitHub\4pia\libs\js\jqueryMobile\images\icons-svg\info-white.svg --> upload.comcast.net /pia/libs/js/jqueryMobile/images/icons-svg info-white.svg
2014.03.13 10:51 B C:\Development\GitHub\4pia\libs\js\jqueryMobile\images\icons-svg\location-black.svg --> upload.comcast.net /pia/libs/js/jqueryMobile/images/icons-svg location-black.svg
2014.03.13 10:51 B C:\Development\GitHub\4pia\libs\js\jqueryMobile\images\icons-svg\location-white.svg --> upload.comcast.net /pia/libs/js/jqueryMobile/images/icons-svg location-white.svg
2014.03.13 10:51 B C:\Development\GitHub\4pia\libs\js\jqueryMobile\images\icons-svg\lock-black.svg --> upload.comcast.net /pia/libs/js/jqueryMobile/images/icons-svg lock-black.svg
2014.03.13 10:51 B C:\Development\GitHub\4pia\libs\js\jqueryMobile\images\icons-svg\lock-white.svg --> upload.comcast.net /pia/libs/js/jqueryMobile/images/icons-svg lock-white.svg
2014.03.13 10:51 B C:\Development\GitHub\4pia\libs\js\jqueryMobile\images\icons-svg\mail-black.svg --> upload.comcast.net /pia/libs/js/jqueryMobile/images/icons-svg mail-black.svg
2014.03.13 10:51 B C:\Development\GitHub\4pia\libs\js\jqueryMobile\images\icons-svg\mail-white.svg --> upload.comcast.net /pia/libs/js/jqueryMobile/images/icons-svg mail-white.svg
2014.03.13 10:51 B C:\Development\GitHub\4pia\libs\js\jqueryMobile\images\icons-svg\minus-black.svg --> upload.comcast.net /pia/libs/js/jqueryMobile/images/icons-svg minus-black.svg
2014.03.13 10:51 B C:\Development\GitHub\4pia\libs\js\jqueryMobile\images\icons-svg\minus-white.svg --> upload.comcast.net /pia/libs/js/jqueryMobile/images/icons-svg minus-white.svg
2014.03.13 10:51 B C:\Development\GitHub\4pia\libs\js\jqueryMobile\images\icons-svg\navigation-black.svg --> upload.comcast.net /pia/libs/js/jqueryMobile/images/icons-svg navigation-black.svg
2014.03.13 10:51 B C:\Development\GitHub\4pia\libs\js\jqueryMobile\images\icons-svg\navigation-white.svg --> upload.comcast.net /pia/libs/js/jqueryMobile/images/icons-svg navigation-white.svg
2014.03.13 10:51 B C:\Development\GitHub\4pia\libs\js\jqueryMobile\images\icons-svg\phone-black.svg --> upload.comcast.net /pia/libs/js/jqueryMobile/images/icons-svg phone-black.svg
2014.03.13 10:51 B C:\Development\GitHub\4pia\libs\js\jqueryMobile\images\icons-svg\phone-white.svg --> upload.comcast.net /pia/libs/js/jqueryMobile/images/icons-svg phone-white.svg
2014.03.13 10:51 B C:\Development\GitHub\4pia\libs\js\jqueryMobile\images\icons-svg\plus-black.svg --> upload.comcast.net /pia/libs/js/jqueryMobile/images/icons-svg plus-black.svg
2014.03.13 10:51 B C:\Development\GitHub\4pia\libs\js\jqueryMobile\images\icons-svg\plus-white.svg --> upload.comcast.net /pia/libs/js/jqueryMobile/images/icons-svg plus-white.svg
2014.03.13 10:51 B C:\Development\GitHub\4pia\libs\js\jqueryMobile\images\icons-svg\power-black.svg --> upload.comcast.net /pia/libs/js/jqueryMobile/images/icons-svg power-black.svg
2014.03.13 10:51 B C:\Development\GitHub\4pia\libs\js\jqueryMobile\images\icons-svg\power-white.svg --> upload.comcast.net /pia/libs/js/jqueryMobile/images/icons-svg power-white.svg
2014.03.13 10:51 B C:\Development\GitHub\4pia\libs\js\jqueryMobile\images\icons-svg\recycle-black.svg --> upload.comcast.net /pia/libs/js/jqueryMobile/images/icons-svg recycle-black.svg
2014.03.13 10:51 B C:\Development\GitHub\4pia\libs\js\jqueryMobile\images\icons-svg\recycle-white.svg --> upload.comcast.net /pia/libs/js/jqueryMobile/images/icons-svg recycle-white.svg
2014.03.13 10:51 B C:\Development\GitHub\4pia\libs\js\jqueryMobile\images\icons-svg\refresh-black.svg --> upload.comcast.net /pia/libs/js/jqueryMobile/images/icons-svg refresh-black.svg
2014.03.13 10:51 B C:\Development\GitHub\4pia\libs\js\jqueryMobile\images\icons-svg\refresh-white.svg --> upload.comcast.net /pia/libs/js/jqueryMobile/images/icons-svg refresh-white.svg
2014.03.13 10:51 B C:\Development\GitHub\4pia\libs\js\jqueryMobile\images\icons-svg\search-black.svg --> upload.comcast.net /pia/libs/js/jqueryMobile/images/icons-svg search-black.svg
2014.03.13 10:51 B C:\Development\GitHub\4pia\libs\js\jqueryMobile\images\icons-svg\search-white.svg --> upload.comcast.net /pia/libs/js/jqueryMobile/images/icons-svg search-white.svg
2014.03.13 10:51 B C:\Development\GitHub\4pia\libs\js\jqueryMobile\images\icons-svg\shop-black.svg --> upload.comcast.net /pia/libs/js/jqueryMobile/images/icons-svg shop-black.svg
2014.03.13 10:51 B C:\Development\GitHub\4pia\libs\js\jqueryMobile\images\icons-svg\shop-white.svg --> upload.comcast.net /pia/libs/js/jqueryMobile/images/icons-svg shop-white.svg
2014.03.13 10:51 B C:\Development\GitHub\4pia\libs\js\jqueryMobile\images\icons-svg\star-black.svg --> upload.comcast.net /pia/libs/js/jqueryMobile/images/icons-svg star-black.svg
2014.03.13 10:51 B C:\Development\GitHub\4pia\libs\js\jqueryMobile\images\icons-svg\star-white.svg --> upload.comcast.net /pia/libs/js/jqueryMobile/images/icons-svg star-white.svg
2014.03.13 10:51 B C:\Development\GitHub\4pia\libs\js\jqueryMobile\images\icons-svg\tag-black.svg --> upload.comcast.net /pia/libs/js/jqueryMobile/images/icons-svg tag-black.svg
2014.03.13 10:51 B C:\Development\GitHub\4pia\libs\js\jqueryMobile\images\icons-svg\tag-white.svg --> upload.comcast.net /pia/libs/js/jqueryMobile/images/icons-svg tag-white.svg
2014.03.13 10:51 B C:\Development\GitHub\4pia\libs\js\jqueryMobile\images\icons-svg\user-black.svg --> upload.comcast.net /pia/libs/js/jqueryMobile/images/icons-svg user-black.svg
2014.03.13 10:51 B C:\Development\GitHub\4pia\libs\js\jqueryMobile\images\icons-svg\user-white.svg --> upload.comcast.net /pia/libs/js/jqueryMobile/images/icons-svg user-white.svg
2014.03.13 10:51 B C:\Development\GitHub\4pia\libs\js\jqueryMobile\images\icons-svg\video-black.svg --> upload.comcast.net /pia/libs/js/jqueryMobile/images/icons-svg video-black.svg
2014.03.13 10:51 B C:\Development\GitHub\4pia\libs\js\jqueryMobile\images\icons-svg\video-white.svg --> upload.comcast.net /pia/libs/js/jqueryMobile/images/icons-svg video-white.svg
