2014.03.13 09:58 B C:\Development\GitHub\4pia\libs\js\jqueryMobile\jquery.mobile-1.4.2.css --> upload.comcast.net /4pia/libs/js/jqueryMobile jquery.mobile-1.4.2.css
2014.03.13 09:58 B C:\Development\GitHub\4pia\libs\js\jqueryMobile\jquery.mobile-1.4.2.js --> upload.comcast.net /4pia/libs/js/jqueryMobile jquery.mobile-1.4.2.js
2014.03.13 09:58 B C:\Development\GitHub\4pia\libs\js\jqueryMobile\jquery.mobile-1.4.2.min.css --> upload.comcast.net /4pia/libs/js/jqueryMobile jquery.mobile-1.4.2.min.css
2014.03.13 09:58 B C:\Development\GitHub\4pia\libs\js\jqueryMobile\jquery.mobile-1.4.2.min.js --> upload.comcast.net /4pia/libs/js/jqueryMobile jquery.mobile-1.4.2.min.js
2014.03.13 09:58 B C:\Development\GitHub\4pia\libs\js\jqueryMobile\jquery.mobile-1.4.2.min.map --> upload.comcast.net /4pia/libs/js/jqueryMobile jquery.mobile-1.4.2.min.map
2014.03.13 09:58 B C:\Development\GitHub\4pia\libs\js\jqueryMobile\jquery.mobile.external-png-1.4.2.css --> upload.comcast.net /4pia/libs/js/jqueryMobile jquery.mobile.external-png-1.4.2.css
2014.03.13 09:58 B C:\Development\GitHub\4pia\libs\js\jqueryMobile\jquery.mobile.external-png-1.4.2.min.css --> upload.comcast.net /4pia/libs/js/jqueryMobile jquery.mobile.external-png-1.4.2.min.css
2014.03.13 09:58 B C:\Development\GitHub\4pia\libs\js\jqueryMobile\jquery.mobile.icons-1.4.2.css --> upload.comcast.net /4pia/libs/js/jqueryMobile jquery.mobile.icons-1.4.2.css
2014.03.13 09:58 B C:\Development\GitHub\4pia\libs\js\jqueryMobile\jquery.mobile.icons-1.4.2.min.css --> upload.comcast.net /4pia/libs/js/jqueryMobile jquery.mobile.icons-1.4.2.min.css
2014.03.13 09:58 B C:\Development\GitHub\4pia\libs\js\jqueryMobile\jquery.mobile.inline-png-1.4.2.css --> upload.comcast.net /4pia/libs/js/jqueryMobile jquery.mobile.inline-png-1.4.2.css
2014.03.13 09:58 B C:\Development\GitHub\4pia\libs\js\jqueryMobile\jquery.mobile.inline-png-1.4.2.min.css --> upload.comcast.net /4pia/libs/js/jqueryMobile jquery.mobile.inline-png-1.4.2.min.css
2014.03.13 09:58 B C:\Development\GitHub\4pia\libs\js\jqueryMobile\jquery.mobile.inline-svg-1.4.2.css --> upload.comcast.net /4pia/libs/js/jqueryMobile jquery.mobile.inline-svg-1.4.2.css
2014.03.13 09:58 B C:\Development\GitHub\4pia\libs\js\jqueryMobile\jquery.mobile.inline-svg-1.4.2.min.css --> upload.comcast.net /4pia/libs/js/jqueryMobile jquery.mobile.inline-svg-1.4.2.min.css
2014.03.13 09:58 B C:\Development\GitHub\4pia\libs\js\jqueryMobile\jquery.mobile.structure-1.4.2.css --> upload.comcast.net /4pia/libs/js/jqueryMobile jquery.mobile.structure-1.4.2.css
2014.03.13 09:58 B C:\Development\GitHub\4pia\libs\js\jqueryMobile\jquery.mobile.structure-1.4.2.min.css --> upload.comcast.net /4pia/libs/js/jqueryMobile jquery.mobile.structure-1.4.2.min.css
2014.03.13 09:58 B C:\Development\GitHub\4pia\libs\js\jqueryMobile\jquery.mobile.theme-1.4.2.css --> upload.comcast.net /4pia/libs/js/jqueryMobile jquery.mobile.theme-1.4.2.css
2014.03.13 09:58 B C:\Development\GitHub\4pia\libs\js\jqueryMobile\jquery.mobile.theme-1.4.2.min.css --> upload.comcast.net /4pia/libs/js/jqueryMobile jquery.mobile.theme-1.4.2.min.css
2014.03.13 10:38 B C:\Development\GitHub\4pia\libs\js\jqueryMobile\jquery.mobile-1.4.2.css --> upload.comcast.net /pia/libs/js/jqueryMobile jquery.mobile-1.4.2.css
2014.03.13 10:38 B C:\Development\GitHub\4pia\libs\js\jqueryMobile\jquery.mobile-1.4.2.js --> upload.comcast.net /pia/libs/js/jqueryMobile jquery.mobile-1.4.2.js
2014.03.13 10:38 B C:\Development\GitHub\4pia\libs\js\jqueryMobile\jquery.mobile-1.4.2.min.css --> upload.comcast.net /pia/libs/js/jqueryMobile jquery.mobile-1.4.2.min.css
2014.03.13 10:39 B C:\Development\GitHub\4pia\libs\js\jqueryMobile\jquery.mobile-1.4.2.min.js --> upload.comcast.net /pia/libs/js/jqueryMobile jquery.mobile-1.4.2.min.js
2014.03.13 10:39 B C:\Development\GitHub\4pia\libs\js\jqueryMobile\jquery.mobile-1.4.2.js --> upload.comcast.net /pia/libs/js/jqueryMobile jquery.mobile-1.4.2.js
2014.03.13 10:50 B C:\Development\GitHub\4pia\libs\js\jqueryMobile\jquery.mobile-1.4.2.js --> upload.comcast.net /pia/libs/js/jqueryMobile jquery.mobile-1.4.2.js
2014.03.13 10:50 B C:\Development\GitHub\4pia\libs\js\jqueryMobile\jquery.mobile-1.4.2.css --> upload.comcast.net /pia/libs/js/jqueryMobile jquery.mobile-1.4.2.css
2014.03.13 11:01 B C:\Development\GitHub\4pia\libs\js\jqueryMobile\jquery.mobile-1.4.2.js --> upload.comcast.net /pia/libs/js/jqueryMobile jquery.mobile-1.4.2.js
2014.03.13 11:01 B C:\Development\GitHub\4pia\libs\js\jqueryMobile\jquery.mobile-1.4.2.min.css --> upload.comcast.net /pia/libs/js/jqueryMobile jquery.mobile-1.4.2.min.css
2014.03.13 11:01 B C:\Development\GitHub\4pia\libs\js\jqueryMobile\jquery.mobile-1.4.2.min.js --> upload.comcast.net /pia/libs/js/jqueryMobile jquery.mobile-1.4.2.min.js
2014.03.19 11:26 B C:\Development\GitHub\4pia\libs\js\jquerymobile\jquery.mobile-1.4.2.css --> 4pia.com /dev/libs/js/jquerymobile jquery.mobile-1.4.2.css
2014.03.19 11:26 B C:\Development\GitHub\4pia\libs\js\jquerymobile\jquery.mobile-1.4.2.js --> 4pia.com /dev/libs/js/jquerymobile jquery.mobile-1.4.2.js
2014.03.19 11:26 B C:\Development\GitHub\4pia\libs\js\jquerymobile\jquery.mobile-1.4.2.min.css --> 4pia.com /dev/libs/js/jquerymobile jquery.mobile-1.4.2.min.css
2014.03.19 11:26 B C:\Development\GitHub\4pia\libs\js\jquerymobile\jquery.mobile-1.4.2.min.js --> 4pia.com /dev/libs/js/jquerymobile jquery.mobile-1.4.2.min.js
2014.03.19 11:26 B C:\Development\GitHub\4pia\libs\js\jquerymobile\jquery.mobile-1.4.2.min.map --> 4pia.com /dev/libs/js/jquerymobile jquery.mobile-1.4.2.min.map
2014.03.19 11:26 B C:\Development\GitHub\4pia\libs\js\jquerymobile\jquery.mobile.external-png-1.4.2.css --> 4pia.com /dev/libs/js/jquerymobile jquery.mobile.external-png-1.4.2.css
2014.03.19 11:26 B C:\Development\GitHub\4pia\libs\js\jquerymobile\jquery.mobile.external-png-1.4.2.min.css --> 4pia.com /dev/libs/js/jquerymobile jquery.mobile.external-png-1.4.2.min.css
2014.03.19 11:26 B C:\Development\GitHub\4pia\libs\js\jquerymobile\jquery.mobile.icons-1.4.2.css --> 4pia.com /dev/libs/js/jquerymobile jquery.mobile.icons-1.4.2.css
2014.03.19 11:26 B C:\Development\GitHub\4pia\libs\js\jquerymobile\jquery.mobile.icons-1.4.2.min.css --> 4pia.com /dev/libs/js/jquerymobile jquery.mobile.icons-1.4.2.min.css
2014.03.19 11:26 B C:\Development\GitHub\4pia\libs\js\jquerymobile\jquery.mobile.inline-png-1.4.2.css --> 4pia.com /dev/libs/js/jquerymobile jquery.mobile.inline-png-1.4.2.css
2014.03.19 11:26 B C:\Development\GitHub\4pia\libs\js\jquerymobile\jquery.mobile.inline-png-1.4.2.min.css --> 4pia.com /dev/libs/js/jquerymobile jquery.mobile.inline-png-1.4.2.min.css
2014.03.19 11:27 B C:\Development\GitHub\4pia\libs\js\jquerymobile\jquery.mobile.inline-svg-1.4.2.css --> 4pia.com /dev/libs/js/jquerymobile jquery.mobile.inline-svg-1.4.2.css
2014.03.19 11:27 B C:\Development\GitHub\4pia\libs\js\jquerymobile\jquery.mobile.inline-svg-1.4.2.min.css --> 4pia.com /dev/libs/js/jquerymobile jquery.mobile.inline-svg-1.4.2.min.css
2014.03.19 11:27 B C:\Development\GitHub\4pia\libs\js\jquerymobile\jquery.mobile.structure-1.4.2.css --> 4pia.com /dev/libs/js/jquerymobile jquery.mobile.structure-1.4.2.css
2014.03.19 11:27 B C:\Development\GitHub\4pia\libs\js\jquerymobile\jquery.mobile.structure-1.4.2.min.css --> 4pia.com /dev/libs/js/jquerymobile jquery.mobile.structure-1.4.2.min.css
2014.03.19 11:27 B C:\Development\GitHub\4pia\libs\js\jquerymobile\jquery.mobile.theme-1.4.2.css --> 4pia.com /dev/libs/js/jquerymobile jquery.mobile.theme-1.4.2.css
2014.03.19 11:27 B C:\Development\GitHub\4pia\libs\js\jquerymobile\jquery.mobile.theme-1.4.2.min.css --> 4pia.com /dev/libs/js/jquerymobile jquery.mobile.theme-1.4.2.min.css
2014.03.19 11:27 B C:\Development\GitHub\4pia\libs\js\jquerymobile\WS_FTP.LOG --> 4pia.com /dev/libs/js/jquerymobile WS_FTP.LOG
