2014.03.13 09:58 B C:\Development\GitHub\4pia\libs\js\backbone.js --> upload.comcast.net /4pia/libs/js backbone.js
2014.03.13 09:58 B C:\Development\GitHub\4pia\libs\js\base64.js --> upload.comcast.net /4pia/libs/js base64.js
2014.03.13 09:58 B C:\Development\GitHub\4pia\libs\js\date.js --> upload.comcast.net /4pia/libs/js date.js
2014.03.13 09:58 B C:\Development\GitHub\4pia\libs\js\jquery.js --> upload.comcast.net /4pia/libs/js jquery.js
2014.03.13 09:58 B C:\Development\GitHub\4pia\libs\js\jquery.tmpl.js --> upload.comcast.net /4pia/libs/js jquery.tmpl.js
2014.03.13 09:58 B C:\Development\GitHub\4pia\libs\js\jsonpath-0.8.0.js --> upload.comcast.net /4pia/libs/js jsonpath-0.8.0.js
2014.03.13 09:58 B C:\Development\GitHub\4pia\libs\js\less-1.2.1.min.js --> upload.comcast.net /4pia/libs/js less-1.2.1.min.js
2014.03.13 09:58 B C:\Development\GitHub\4pia\libs\js\loDash.js --> upload.comcast.net /4pia/libs/js loDash.js
2014.03.13 09:58 B C:\Development\GitHub\4pia\libs\js\md5.js --> upload.comcast.net /4pia/libs/js md5.js
2014.03.13 09:58 B C:\Development\GitHub\4pia\libs\js\numeral.js --> upload.comcast.net /4pia/libs/js numeral.js
2014.03.13 09:58 B C:\Development\GitHub\4pia\libs\js\require.js --> upload.comcast.net /4pia/libs/js require.js
2014.03.13 09:58 B C:\Development\GitHub\4pia\libs\js\uuid.js --> upload.comcast.net /4pia/libs/js uuid.js
2014.03.13 10:28 B C:\Development\GitHub\4pia\libs\js\backbone.js --> upload.comcast.net /pia/libs/js backbone.js
2014.03.13 10:28 B C:\Development\GitHub\4pia\libs\js\base64.js --> upload.comcast.net /pia/libs/js base64.js
2014.03.13 10:28 B C:\Development\GitHub\4pia\libs\js\date.js --> upload.comcast.net /pia/libs/js date.js
2014.03.13 10:28 B C:\Development\GitHub\4pia\libs\js\jquery.js --> upload.comcast.net /pia/libs/js jquery.js
2014.03.13 10:28 B C:\Development\GitHub\4pia\libs\js\jquery.tmpl.js --> upload.comcast.net /pia/libs/js jquery.tmpl.js
2014.03.13 10:28 B C:\Development\GitHub\4pia\libs\js\jsonpath-0.8.0.js --> upload.comcast.net /pia/libs/js jsonpath-0.8.0.js
2014.03.13 10:28 B C:\Development\GitHub\4pia\libs\js\less-1.2.1.min.js --> upload.comcast.net /pia/libs/js less-1.2.1.min.js
2014.03.13 10:28 B C:\Development\GitHub\4pia\libs\js\loDash.js --> upload.comcast.net /pia/libs/js loDash.js
2014.03.13 10:29 B C:\Development\GitHub\4pia\libs\js\md5.js --> upload.comcast.net /pia/libs/js md5.js
2014.03.13 10:29 B C:\Development\GitHub\4pia\libs\js\numeral.js --> upload.comcast.net /pia/libs/js numeral.js
2014.03.13 10:29 B C:\Development\GitHub\4pia\libs\js\require.js --> upload.comcast.net /pia/libs/js require.js
2014.03.13 10:29 B C:\Development\GitHub\4pia\libs\js\uuid.js --> upload.comcast.net /pia/libs/js uuid.js
2014.03.13 10:29 A C:\Development\GitHub\4pia\libs\js\backbone.js --> upload.comcast.net /pia/libs/js backbone.js
2014.03.13 10:30 A C:\Development\GitHub\4pia\libs\js\base64.js --> upload.comcast.net /pia/libs/js base64.js
2014.03.13 10:31 A C:\Development\GitHub\4pia\libs\js\backbone.js --> upload.comcast.net /pia/libs/js backbone.js
2014.03.13 10:32 A C:\Development\GitHub\4pia\libs\js\backbone.js --> upload.comcast.net /pia/libs/js backbone.js
2014.03.13 10:34 A C:\Development\GitHub\4pia\libs\js\backbone.js --> upload.comcast.net /pia/libs/js backbone.js
2014.03.13 10:35 A C:\Development\GitHub\4pia\libs\js\base64.js --> upload.comcast.net /pia/libs/js base64.js
2014.03.13 10:35 A C:\Development\GitHub\4pia\libs\js\jquery.js --> upload.comcast.net /pia/libs/js jquery.js
2014.03.13 10:35 A C:\Development\GitHub\4pia\libs\js\jquery.tmpl.js --> upload.comcast.net /pia/libs/js jquery.tmpl.js
2014.03.13 10:37 A C:\Development\GitHub\4pia\libs\js\less-1.2.1.min.js --> upload.comcast.net /pia/libs/js less-1.2.1.min.js
2014.03.13 10:38 B C:\Development\GitHub\4pia\libs\js\backbone.js --> upload.comcast.net /pia/libs/js backbone.js
2014.03.13 10:38 B C:\Development\GitHub\4pia\libs\js\jquery.js --> upload.comcast.net /pia/libs/js jquery.js
2014.03.13 10:38 B C:\Development\GitHub\4pia\libs\js\jquery.tmpl.js --> upload.comcast.net /pia/libs/js jquery.tmpl.js
2014.03.13 10:43 B C:\Development\GitHub\4pia\libs\js\uuid.js --> upload.comcast.net /pia/libs/js uuid.js
2014.03.13 10:43 B C:\Development\GitHub\4pia\libs\js\require.js --> upload.comcast.net /pia/libs/js require.js
2014.03.13 10:43 B C:\Development\GitHub\4pia\libs\js\numeral.js --> upload.comcast.net /pia/libs/js numeral.js
2014.03.13 10:43 B C:\Development\GitHub\4pia\libs\js\loDash.js --> upload.comcast.net /pia/libs/js loDash.js
2014.03.13 10:43 B C:\Development\GitHub\4pia\libs\js\backbone.js --> upload.comcast.net /pia/libs/js backbone.js
2014.03.13 10:45 B C:\Development\GitHub\4pia\libs\js\jquery.js --> upload.comcast.net /pia/libs/js jquery.js
2014.03.13 10:49 B C:\Development\GitHub\4pia\libs\js\loDash.js --> upload.comcast.net /pia/libs/js loDash.js
2014.03.13 10:49 B C:\Development\GitHub\4pia\libs\js\numeral.js --> upload.comcast.net /pia/libs/js numeral.js
2014.03.13 10:50 B C:\Development\GitHub\4pia\libs\js\backbone.js --> upload.comcast.net /pia/libs/js backbone.js
2014.03.13 10:57 B C:\Development\GitHub\4pia\libs\js\require.js --> upload.comcast.net /pia/libs/js require.js
2014.03.18 11:39 B C:\Development\GitHub\4pia\libs\js\tbd.js --> upload.comcast.net /pia/libs/js tbd.js
2014.03.18 11:39 B C:\Development\GitHub\4pia\libs\js\my.class.js --> upload.comcast.net /pia/libs/js my.class.js
2014.03.19 11:27 B C:\Development\GitHub\4pia\libs\js\backbone.js --> 4pia.com /dev/libs/js backbone.js
2014.03.19 11:27 B C:\Development\GitHub\4pia\libs\js\base64.js --> 4pia.com /dev/libs/js base64.js
2014.03.19 11:27 B C:\Development\GitHub\4pia\libs\js\date.js --> 4pia.com /dev/libs/js date.js
2014.03.19 11:27 B C:\Development\GitHub\4pia\libs\js\jquery.js --> 4pia.com /dev/libs/js jquery.js
2014.03.19 11:27 B C:\Development\GitHub\4pia\libs\js\jquery.tmpl.js --> 4pia.com /dev/libs/js jquery.tmpl.js
2014.03.19 11:27 B C:\Development\GitHub\4pia\libs\js\jsonpath-0.8.0.js --> 4pia.com /dev/libs/js jsonpath-0.8.0.js
2014.03.19 11:27 B C:\Development\GitHub\4pia\libs\js\less-1.2.1.min.js --> 4pia.com /dev/libs/js less-1.2.1.min.js
2014.03.19 11:27 B C:\Development\GitHub\4pia\libs\js\lodash.js --> 4pia.com /dev/libs/js lodash.js
2014.03.19 11:27 B C:\Development\GitHub\4pia\libs\js\md5.js --> 4pia.com /dev/libs/js md5.js
2014.03.19 11:27 B C:\Development\GitHub\4pia\libs\js\my.class.js --> 4pia.com /dev/libs/js my.class.js
2014.03.19 11:27 B C:\Development\GitHub\4pia\libs\js\numeral.js --> 4pia.com /dev/libs/js numeral.js
2014.03.19 11:27 B C:\Development\GitHub\4pia\libs\js\require.js --> 4pia.com /dev/libs/js require.js
2014.03.19 11:27 B C:\Development\GitHub\4pia\libs\js\tbd.js --> 4pia.com /dev/libs/js tbd.js
2014.03.19 11:27 B C:\Development\GitHub\4pia\libs\js\uuid.js --> 4pia.com /dev/libs/js uuid.js
2014.03.19 11:27 B C:\Development\GitHub\4pia\libs\js\WS_FTP.LOG --> 4pia.com /dev/libs/js WS_FTP.LOG
