2014.03.13 09:45 B C:\Development\GitHub\4pia\libs\js\highcharts\js\modules\annotations.js --> upload.comcast.net /4pia/libs/js/highcharts/js/modules annotations.js
2014.03.13 09:45 B C:\Development\GitHub\4pia\libs\js\highcharts\js\modules\annotations.src.js --> upload.comcast.net /4pia/libs/js/highcharts/js/modules annotations.src.js
2014.03.13 09:45 B C:\Development\GitHub\4pia\libs\js\highcharts\js\modules\canvas-tools.js --> upload.comcast.net /4pia/libs/js/highcharts/js/modules canvas-tools.js
2014.03.13 09:45 B C:\Development\GitHub\4pia\libs\js\highcharts\js\modules\canvas-tools.src.js --> upload.comcast.net /4pia/libs/js/highcharts/js/modules canvas-tools.src.js
2014.03.13 09:45 B C:\Development\GitHub\4pia\libs\js\highcharts\js\modules\data.js --> upload.comcast.net /4pia/libs/js/highcharts/js/modules data.js
2014.03.13 09:45 B C:\Development\GitHub\4pia\libs\js\highcharts\js\modules\data.src.js --> upload.comcast.net /4pia/libs/js/highcharts/js/modules data.src.js
2014.03.13 09:45 B C:\Development\GitHub\4pia\libs\js\highcharts\js\modules\drilldown.js --> upload.comcast.net /4pia/libs/js/highcharts/js/modules drilldown.js
2014.03.13 09:45 B C:\Development\GitHub\4pia\libs\js\highcharts\js\modules\drilldown.src.js --> upload.comcast.net /4pia/libs/js/highcharts/js/modules drilldown.src.js
2014.03.13 09:45 B C:\Development\GitHub\4pia\libs\js\highcharts\js\modules\exporting.js --> upload.comcast.net /4pia/libs/js/highcharts/js/modules exporting.js
2014.03.13 09:45 B C:\Development\GitHub\4pia\libs\js\highcharts\js\modules\exporting.src.js --> upload.comcast.net /4pia/libs/js/highcharts/js/modules exporting.src.js
2014.03.13 09:45 B C:\Development\GitHub\4pia\libs\js\highcharts\js\modules\funnel.js --> upload.comcast.net /4pia/libs/js/highcharts/js/modules funnel.js
2014.03.13 09:45 B C:\Development\GitHub\4pia\libs\js\highcharts\js\modules\funnel.src.js --> upload.comcast.net /4pia/libs/js/highcharts/js/modules funnel.src.js
2014.03.13 09:45 B C:\Development\GitHub\4pia\libs\js\highcharts\js\modules\heatmap.js --> upload.comcast.net /4pia/libs/js/highcharts/js/modules heatmap.js
2014.03.13 09:45 B C:\Development\GitHub\4pia\libs\js\highcharts\js\modules\heatmap.src.js --> upload.comcast.net /4pia/libs/js/highcharts/js/modules heatmap.src.js
2014.03.13 09:45 B C:\Development\GitHub\4pia\libs\js\highcharts\js\modules\map.js --> upload.comcast.net /4pia/libs/js/highcharts/js/modules map.js
2014.03.13 09:45 B C:\Development\GitHub\4pia\libs\js\highcharts\js\modules\map.src.js --> upload.comcast.net /4pia/libs/js/highcharts/js/modules map.src.js
2014.03.13 09:45 B C:\Development\GitHub\4pia\libs\js\highcharts\js\modules\no-data-to-display.js --> upload.comcast.net /4pia/libs/js/highcharts/js/modules no-data-to-display.js
2014.03.13 09:45 B C:\Development\GitHub\4pia\libs\js\highcharts\js\modules\no-data-to-display.src.js --> upload.comcast.net /4pia/libs/js/highcharts/js/modules no-data-to-display.src.js
2014.03.17 23:16 B C:\Development\GitHub\4pia\libs\js\highcharts\js\modules\WS_FTP.LOG --> upload.comcast.net /pia/libs/js/highcharts/js/modules WS_FTP.LOG
2014.03.17 23:17 B C:\Development\GitHub\4pia\libs\js\highcharts\js\modules\annotations.js --> upload.comcast.net /pia/libs/js/highcharts/js/modules annotations.js
2014.03.17 23:17 B C:\Development\GitHub\4pia\libs\js\highcharts\js\modules\annotations.src.js --> upload.comcast.net /pia/libs/js/highcharts/js/modules annotations.src.js
2014.03.17 23:18 B C:\Development\GitHub\4pia\libs\js\highcharts\js\modules\canvas-tools.js --> upload.comcast.net /pia/libs/js/highcharts/js/modules canvas-tools.js
2014.03.17 23:18 B C:\Development\GitHub\4pia\libs\js\highcharts\js\modules\canvas-tools.src.js --> upload.comcast.net /pia/libs/js/highcharts/js/modules canvas-tools.src.js
2014.03.17 23:18 B C:\Development\GitHub\4pia\libs\js\highcharts\js\modules\data.js --> upload.comcast.net /pia/libs/js/highcharts/js/modules data.js
2014.03.17 23:18 B C:\Development\GitHub\4pia\libs\js\highcharts\js\modules\data.src.js --> upload.comcast.net /pia/libs/js/highcharts/js/modules data.src.js
2014.03.17 23:18 B C:\Development\GitHub\4pia\libs\js\highcharts\js\modules\drilldown.js --> upload.comcast.net /pia/libs/js/highcharts/js/modules drilldown.js
2014.03.17 23:18 B C:\Development\GitHub\4pia\libs\js\highcharts\js\modules\drilldown.src.js --> upload.comcast.net /pia/libs/js/highcharts/js/modules drilldown.src.js
2014.03.17 23:18 B C:\Development\GitHub\4pia\libs\js\highcharts\js\modules\exporting.js --> upload.comcast.net /pia/libs/js/highcharts/js/modules exporting.js
2014.03.17 23:18 B C:\Development\GitHub\4pia\libs\js\highcharts\js\modules\exporting.src.js --> upload.comcast.net /pia/libs/js/highcharts/js/modules exporting.src.js
2014.03.17 23:18 B C:\Development\GitHub\4pia\libs\js\highcharts\js\modules\funnel.js --> upload.comcast.net /pia/libs/js/highcharts/js/modules funnel.js
2014.03.17 23:18 B C:\Development\GitHub\4pia\libs\js\highcharts\js\modules\funnel.src.js --> upload.comcast.net /pia/libs/js/highcharts/js/modules funnel.src.js
2014.03.17 23:18 B C:\Development\GitHub\4pia\libs\js\highcharts\js\modules\heatmap.js --> upload.comcast.net /pia/libs/js/highcharts/js/modules heatmap.js
2014.03.17 23:18 B C:\Development\GitHub\4pia\libs\js\highcharts\js\modules\heatmap.src.js --> upload.comcast.net /pia/libs/js/highcharts/js/modules heatmap.src.js
2014.03.17 23:18 B C:\Development\GitHub\4pia\libs\js\highcharts\js\modules\map.js --> upload.comcast.net /pia/libs/js/highcharts/js/modules map.js
2014.03.17 23:18 B C:\Development\GitHub\4pia\libs\js\highcharts\js\modules\map.src.js --> upload.comcast.net /pia/libs/js/highcharts/js/modules map.src.js
2014.03.17 23:18 B C:\Development\GitHub\4pia\libs\js\highcharts\js\modules\no-data-to-display.js --> upload.comcast.net /pia/libs/js/highcharts/js/modules no-data-to-display.js
2014.03.17 23:18 B C:\Development\GitHub\4pia\libs\js\highcharts\js\modules\no-data-to-display.src.js --> upload.comcast.net /pia/libs/js/highcharts/js/modules no-data-to-display.src.js
2014.03.19 11:16 B C:\Development\GitHub\4pia\libs\js\highcharts\js\modules\annotations.js --> 4pia.com /dev/libs/js/highcharts/js/modules annotations.js
2014.03.19 11:16 B C:\Development\GitHub\4pia\libs\js\highcharts\js\modules\annotations.src.js --> 4pia.com /dev/libs/js/highcharts/js/modules annotations.src.js
2014.03.19 11:16 B C:\Development\GitHub\4pia\libs\js\highcharts\js\modules\canvas-tools.js --> 4pia.com /dev/libs/js/highcharts/js/modules canvas-tools.js
2014.03.19 11:16 B C:\Development\GitHub\4pia\libs\js\highcharts\js\modules\canvas-tools.src.js --> 4pia.com /dev/libs/js/highcharts/js/modules canvas-tools.src.js
2014.03.19 11:16 B C:\Development\GitHub\4pia\libs\js\highcharts\js\modules\data.js --> 4pia.com /dev/libs/js/highcharts/js/modules data.js
2014.03.19 11:16 B C:\Development\GitHub\4pia\libs\js\highcharts\js\modules\data.src.js --> 4pia.com /dev/libs/js/highcharts/js/modules data.src.js
2014.03.19 11:16 B C:\Development\GitHub\4pia\libs\js\highcharts\js\modules\drilldown.js --> 4pia.com /dev/libs/js/highcharts/js/modules drilldown.js
2014.03.19 11:16 B C:\Development\GitHub\4pia\libs\js\highcharts\js\modules\drilldown.src.js --> 4pia.com /dev/libs/js/highcharts/js/modules drilldown.src.js
2014.03.19 11:16 B C:\Development\GitHub\4pia\libs\js\highcharts\js\modules\exporting.js --> 4pia.com /dev/libs/js/highcharts/js/modules exporting.js
2014.03.19 11:16 B C:\Development\GitHub\4pia\libs\js\highcharts\js\modules\exporting.src.js --> 4pia.com /dev/libs/js/highcharts/js/modules exporting.src.js
2014.03.19 11:16 B C:\Development\GitHub\4pia\libs\js\highcharts\js\modules\funnel.js --> 4pia.com /dev/libs/js/highcharts/js/modules funnel.js
2014.03.19 11:16 B C:\Development\GitHub\4pia\libs\js\highcharts\js\modules\funnel.src.js --> 4pia.com /dev/libs/js/highcharts/js/modules funnel.src.js
2014.03.19 11:16 B C:\Development\GitHub\4pia\libs\js\highcharts\js\modules\heatmap.js --> 4pia.com /dev/libs/js/highcharts/js/modules heatmap.js
2014.03.19 11:16 B C:\Development\GitHub\4pia\libs\js\highcharts\js\modules\heatmap.src.js --> 4pia.com /dev/libs/js/highcharts/js/modules heatmap.src.js
2014.03.19 11:16 B C:\Development\GitHub\4pia\libs\js\highcharts\js\modules\map.js --> 4pia.com /dev/libs/js/highcharts/js/modules map.js
2014.03.19 11:16 B C:\Development\GitHub\4pia\libs\js\highcharts\js\modules\map.src.js --> 4pia.com /dev/libs/js/highcharts/js/modules map.src.js
2014.03.19 11:16 B C:\Development\GitHub\4pia\libs\js\highcharts\js\modules\no-data-to-display.js --> 4pia.com /dev/libs/js/highcharts/js/modules no-data-to-display.js
2014.03.19 11:16 B C:\Development\GitHub\4pia\libs\js\highcharts\js\modules\no-data-to-display.src.js --> 4pia.com /dev/libs/js/highcharts/js/modules no-data-to-display.src.js
2014.03.19 11:16 B C:\Development\GitHub\4pia\libs\js\highcharts\js\modules\WS_FTP.LOG --> 4pia.com /dev/libs/js/highcharts/js/modules WS_FTP.LOG
