2014.03.13 09:41 B \closetag.js --> upload.comcast.net /4pia/libs/js/highcharts/exporting-server/java/highcharts-export/highcharts-export-web/target/highcharts-export-web/resources/lib/codemirror/util closetag.js
2014.03.13 09:41 B \dialog.css --> upload.comcast.net /4pia/libs/js/highcharts/exporting-server/java/highcharts-export/highcharts-export-web/target/highcharts-export-web/resources/lib/codemirror/util dialog.css
2014.03.13 09:41 B \dialog.js --> upload.comcast.net /4pia/libs/js/highcharts/exporting-server/java/highcharts-export/highcharts-export-web/target/highcharts-export-web/resources/lib/codemirror/util dialog.js
2014.03.13 09:41 B \foldcode.js --> upload.comcast.net /4pia/libs/js/highcharts/exporting-server/java/highcharts-export/highcharts-export-web/target/highcharts-export-web/resources/lib/codemirror/util foldcode.js
2014.03.13 09:41 B \formatting.js --> upload.comcast.net /4pia/libs/js/highcharts/exporting-server/java/highcharts-export/highcharts-export-web/target/highcharts-export-web/resources/lib/codemirror/util formatting.js
2014.03.13 09:41 B \javascript-hint.js --> upload.comcast.net /4pia/libs/js/highcharts/exporting-server/java/highcharts-export/highcharts-export-web/target/highcharts-export-web/resources/lib/codemirror/util javascript-hint.js
2014.03.13 09:41 B \loadmode.js --> upload.comcast.net /4pia/libs/js/highcharts/exporting-server/java/highcharts-export/highcharts-export-web/target/highcharts-export-web/resources/lib/codemirror/util loadmode.js
2014.03.13 09:41 B \match-highlighter.js --> upload.comcast.net /4pia/libs/js/highcharts/exporting-server/java/highcharts-export/highcharts-export-web/target/highcharts-export-web/resources/lib/codemirror/util match-highlighter.js
2014.03.13 09:41 B \multiplex.js --> upload.comcast.net /4pia/libs/js/highcharts/exporting-server/java/highcharts-export/highcharts-export-web/target/highcharts-export-web/resources/lib/codemirror/util multiplex.js
2014.03.13 09:41 B \overlay.js --> upload.comcast.net /4pia/libs/js/highcharts/exporting-server/java/highcharts-export/highcharts-export-web/target/highcharts-export-web/resources/lib/codemirror/util overlay.js
2014.03.13 09:41 B \pig-hint.js --> upload.comcast.net /4pia/libs/js/highcharts/exporting-server/java/highcharts-export/highcharts-export-web/target/highcharts-export-web/resources/lib/codemirror/util pig-hint.js
2014.03.13 09:41 B \runmode-standalone.js --> upload.comcast.net /4pia/libs/js/highcharts/exporting-server/java/highcharts-export/highcharts-export-web/target/highcharts-export-web/resources/lib/codemirror/util runmode-standalone.js
2014.03.13 09:41 B \runmode.js --> upload.comcast.net /4pia/libs/js/highcharts/exporting-server/java/highcharts-export/highcharts-export-web/target/highcharts-export-web/resources/lib/codemirror/util runmode.js
2014.03.13 09:41 B \search.js --> upload.comcast.net /4pia/libs/js/highcharts/exporting-server/java/highcharts-export/highcharts-export-web/target/highcharts-export-web/resources/lib/codemirror/util search.js
2014.03.13 09:41 B \searchcursor.js --> upload.comcast.net /4pia/libs/js/highcharts/exporting-server/java/highcharts-export/highcharts-export-web/target/highcharts-export-web/resources/lib/codemirror/util searchcursor.js
2014.03.13 09:41 B \simple-hint.css --> upload.comcast.net /4pia/libs/js/highcharts/exporting-server/java/highcharts-export/highcharts-export-web/target/highcharts-export-web/resources/lib/codemirror/util simple-hint.css
2014.03.13 09:41 B \simple-hint.js --> upload.comcast.net /4pia/libs/js/highcharts/exporting-server/java/highcharts-export/highcharts-export-web/target/highcharts-export-web/resources/lib/codemirror/util simple-hint.js
2014.03.13 09:41 B \xml-hint.js --> upload.comcast.net /4pia/libs/js/highcharts/exporting-server/java/highcharts-export/highcharts-export-web/target/highcharts-export-web/resources/lib/codemirror/util xml-hint.js
2014.03.19 11:12 B \closetag.js --> 4pia.com /dev/libs/js/highcharts/exporting-server/java/highcharts-export/highcharts-export-web/target/highcharts-export-web/resources/lib/codemirror/util closetag.js
2014.03.19 11:12 B \dialog.css --> 4pia.com /dev/libs/js/highcharts/exporting-server/java/highcharts-export/highcharts-export-web/target/highcharts-export-web/resources/lib/codemirror/util dialog.css
2014.03.19 11:12 B \dialog.js --> 4pia.com /dev/libs/js/highcharts/exporting-server/java/highcharts-export/highcharts-export-web/target/highcharts-export-web/resources/lib/codemirror/util dialog.js
2014.03.19 11:12 B \foldcode.js --> 4pia.com /dev/libs/js/highcharts/exporting-server/java/highcharts-export/highcharts-export-web/target/highcharts-export-web/resources/lib/codemirror/util foldcode.js
2014.03.19 11:12 B \formatting.js --> 4pia.com /dev/libs/js/highcharts/exporting-server/java/highcharts-export/highcharts-export-web/target/highcharts-export-web/resources/lib/codemirror/util formatting.js
2014.03.19 11:12 B \javascript-hint.js --> 4pia.com /dev/libs/js/highcharts/exporting-server/java/highcharts-export/highcharts-export-web/target/highcharts-export-web/resources/lib/codemirror/util javascript-hint.js
2014.03.19 11:12 B \loadmode.js --> 4pia.com /dev/libs/js/highcharts/exporting-server/java/highcharts-export/highcharts-export-web/target/highcharts-export-web/resources/lib/codemirror/util loadmode.js
2014.03.19 11:12 B \match-highlighter.js --> 4pia.com /dev/libs/js/highcharts/exporting-server/java/highcharts-export/highcharts-export-web/target/highcharts-export-web/resources/lib/codemirror/util match-highlighter.js
2014.03.19 11:12 B \multiplex.js --> 4pia.com /dev/libs/js/highcharts/exporting-server/java/highcharts-export/highcharts-export-web/target/highcharts-export-web/resources/lib/codemirror/util multiplex.js
2014.03.19 11:12 B \overlay.js --> 4pia.com /dev/libs/js/highcharts/exporting-server/java/highcharts-export/highcharts-export-web/target/highcharts-export-web/resources/lib/codemirror/util overlay.js
2014.03.19 11:12 B \pig-hint.js --> 4pia.com /dev/libs/js/highcharts/exporting-server/java/highcharts-export/highcharts-export-web/target/highcharts-export-web/resources/lib/codemirror/util pig-hint.js
2014.03.19 11:12 B \runmode-standalone.js --> 4pia.com /dev/libs/js/highcharts/exporting-server/java/highcharts-export/highcharts-export-web/target/highcharts-export-web/resources/lib/codemirror/util runmode-standalone.js
2014.03.19 11:12 B \runmode.js --> 4pia.com /dev/libs/js/highcharts/exporting-server/java/highcharts-export/highcharts-export-web/target/highcharts-export-web/resources/lib/codemirror/util runmode.js
2014.03.19 11:12 B \search.js --> 4pia.com /dev/libs/js/highcharts/exporting-server/java/highcharts-export/highcharts-export-web/target/highcharts-export-web/resources/lib/codemirror/util search.js
2014.03.19 11:12 B \searchcursor.js --> 4pia.com /dev/libs/js/highcharts/exporting-server/java/highcharts-export/highcharts-export-web/target/highcharts-export-web/resources/lib/codemirror/util searchcursor.js
2014.03.19 11:12 B \simple-hint.css --> 4pia.com /dev/libs/js/highcharts/exporting-server/java/highcharts-export/highcharts-export-web/target/highcharts-export-web/resources/lib/codemirror/util simple-hint.css
2014.03.19 11:12 B \simple-hint.js --> 4pia.com /dev/libs/js/highcharts/exporting-server/java/highcharts-export/highcharts-export-web/target/highcharts-export-web/resources/lib/codemirror/util simple-hint.js
2014.03.19 11:12 B \WS_FTP.LOG --> 4pia.com /dev/libs/js/highcharts/exporting-server/java/highcharts-export/highcharts-export-web/target/highcharts-export-web/resources/lib/codemirror/util WS_FTP.LOG
2014.03.19 11:12 B \xml-hint.js --> 4pia.com /dev/libs/js/highcharts/exporting-server/java/highcharts-export/highcharts-export-web/target/highcharts-export-web/resources/lib/codemirror/util xml-hint.js
